Looking for git in: /usr/bin/git
Using git 2.24.3 (Apple Git-128) from /usr/bin/git
> git rev-parse --git-dir
Open repository: /Users/xuanzhou
> git status -z -u
> git check-ignore -v -z --stdin
> git symbolic-ref --short HEAD
> git for-each-ref --format=%(refname)%00%(upstream:short)%00%(upstream:track)%00%(objectname) refs/heads/main refs/remotes/main
> git for-each-ref --sort -committerdate --format %(refname) %(objectname) %(*objectname)
> git remote --verbose
> git config --local branch.main.github-pr-owner-number
> git config --get commit.template
> git show --textconv :Sita_practice/emty/JS/script.js
> git ls-files --stage -- /Users/xuanzhou/Sita_practice/emty/JS/script.js
> git show --textconv :Sita_practice/emty/index.html
> git ls-files --stage -- /Users/xuanzhou/Sita_practice/emty/index.html
> git config --local branch.main.github-pr-owner-number
> git show --textconv :Desktop/day4_hw.js
> git ls-files --stage -- /Users/xuanzhou/Desktop/day4_hw.js
> git check-ignore -v -z --stdin
> git show --textconv :Sita_practice/emty/index.html
> git ls-files --stage -- /Users/xuanzhou/Sita_practice/emty/index.html
> git show --textconv :Desktop/day4_hw.js
> git ls-files --stage -- /Users/xuanzhou/Desktop/day4_hw.js
> git show --textconv :Sita_practice/emty/JS/script.js
> git ls-files --stage -- /Users/xuanzhou/Sita_practice/emty/JS/script.js
