[2021-02-10 11:54:45.239] [renderer1] [error] [File Watcher (node.js)] Error: ENOENT: no such file or directory, stat '/Users/xuanzhou/Sita_practice/Assignment_1/.vscode'
[2021-02-10 11:59:19.133] [renderer1] [error] [File Watcher (node.js)] Error: ENOENT: no such file or directory, stat '/Users/xuanzhou/Sita_practice/emty/.vscode'
[2021-02-10 12:02:57.353] [renderer1] [error] [File Watcher (node.js)] Error: ENOENT: no such file or directory, stat '/Users/xuanzhou/Sita_practice/Assignment_1/.vscode'
[2021-02-10 12:03:32.011] [renderer1] [error] [File Watcher (node.js)] Error: ENOENT: no such file or directory, stat '/Users/xuanzhou/Sita_practice/Assignment_1/.vscode'
[2021-02-10 12:03:32.011] [renderer1] [error] [File Watcher (node.js)] Error: ENOENT: no such file or directory, stat '/Users/xuanzhou/Sita_practice/emty/.vscode'
[2021-02-10 13:43:51.334] [renderer1] [warning] [lifecycle] onBeforeShutdown is taking a long time, pending operations: veto.untitledWorkspace
[2021-02-10 13:44:04.110] [renderer1] [info] [lifecycle]: Shutdown was prevented (id: veto.untitledWorkspace)
[2021-02-10 13:44:43.811] [renderer1] [warning] [lifecycle] onBeforeShutdown is taking a long time, pending operations: veto.untitledWorkspace
[2021-02-10 13:45:05.492] [renderer1] [error] [File Watcher (node.js)] Error: ENOENT: no such file or directory, stat '/Users/xuanzhou/githubs/Itlize-orientation/JS assignment-Erica(Xuan) Zhou/.vscode'
[2021-02-10 13:47:25.983] [renderer1] [error] [File Watcher (node.js)] Error: ENOENT: no such file or directory, stat '/Users/xuanzhou/Sita_practice/Assignment_1/.vscode'
[2021-02-10 13:47:25.983] [renderer1] [error] [File Watcher (node.js)] Error: ENOENT: no such file or directory, stat '/Users/xuanzhou/Sita_practice/emty/.vscode'
[2021-02-11 09:00:41.072] [renderer1] [error] getaddrinfo ENOTFOUND default.exp-tas.com: Error: getaddrinfo ENOTFOUND default.exp-tas.com
	at GetAddrInfoReqWrap.onlookup [as oncomplete] (dns.js:66:26)
[2021-02-11 09:58:37.005] [renderer1] [error] getaddrinfo ENOTFOUND default.exp-tas.com: Error: getaddrinfo ENOTFOUND default.exp-tas.com
	at GetAddrInfoReqWrap.onlookup [as oncomplete] (dns.js:66:26)
[2021-02-11 10:28:38.082] [renderer1] [error] getaddrinfo ENOTFOUND default.exp-tas.com: Error: getaddrinfo ENOTFOUND default.exp-tas.com
	at GetAddrInfoReqWrap.onlookup [as oncomplete] (dns.js:66:26)
[2021-02-11 10:58:38.112] [renderer1] [error] getaddrinfo ENOTFOUND default.exp-tas.com: Error: getaddrinfo ENOTFOUND default.exp-tas.com
	at GetAddrInfoReqWrap.onlookup [as oncomplete] (dns.js:66:26)
[2021-02-11 11:28:38.146] [renderer1] [error] getaddrinfo ENOTFOUND default.exp-tas.com: Error: getaddrinfo ENOTFOUND default.exp-tas.com
	at GetAddrInfoReqWrap.onlookup [as oncomplete] (dns.js:66:26)
[2021-02-11 11:58:38.175] [renderer1] [error] getaddrinfo ENOTFOUND default.exp-tas.com: Error: getaddrinfo ENOTFOUND default.exp-tas.com
	at GetAddrInfoReqWrap.onlookup [as oncomplete] (dns.js:66:26)
[2021-02-11 12:46:25.006] [renderer1] [error] getaddrinfo ENOTFOUND default.exp-tas.com: Error: getaddrinfo ENOTFOUND default.exp-tas.com
	at GetAddrInfoReqWrap.onlookup [as oncomplete] (dns.js:66:26)
[2021-02-11 13:16:54.003] [renderer1] [error] getaddrinfo ENOTFOUND default.exp-tas.com: Error: getaddrinfo ENOTFOUND default.exp-tas.com
	at GetAddrInfoReqWrap.onlookup [as oncomplete] (dns.js:66:26)
[2021-02-11 13:59:16.010] [renderer1] [error] getaddrinfo ENOTFOUND default.exp-tas.com: Error: getaddrinfo ENOTFOUND default.exp-tas.com
	at GetAddrInfoReqWrap.onlookup [as oncomplete] (dns.js:66:26)
[2021-02-11 14:29:16.341] [renderer1] [error] getaddrinfo ENOTFOUND default.exp-tas.com: Error: getaddrinfo ENOTFOUND default.exp-tas.com
	at GetAddrInfoReqWrap.onlookup [as oncomplete] (dns.js:66:26)
[2021-02-11 14:59:16.371] [renderer1] [error] getaddrinfo ENOTFOUND default.exp-tas.com: Error: getaddrinfo ENOTFOUND default.exp-tas.com
	at GetAddrInfoReqWrap.onlookup [as oncomplete] (dns.js:66:26)
[2021-02-11 15:29:16.400] [renderer1] [error] getaddrinfo ENOTFOUND default.exp-tas.com: Error: getaddrinfo ENOTFOUND default.exp-tas.com
	at GetAddrInfoReqWrap.onlookup [as oncomplete] (dns.js:66:26)
[2021-02-11 15:59:16.431] [renderer1] [error] getaddrinfo ENOTFOUND default.exp-tas.com: Error: getaddrinfo ENOTFOUND default.exp-tas.com
	at GetAddrInfoReqWrap.onlookup [as oncomplete] (dns.js:66:26)
[2021-02-11 16:29:16.461] [renderer1] [error] getaddrinfo ENOTFOUND default.exp-tas.com: Error: getaddrinfo ENOTFOUND default.exp-tas.com
	at GetAddrInfoReqWrap.onlookup [as oncomplete] (dns.js:66:26)
[2021-02-11 18:56:43.014] [renderer1] [error] getaddrinfo ENOTFOUND default.exp-tas.com: Error: getaddrinfo ENOTFOUND default.exp-tas.com
	at GetAddrInfoReqWrap.onlookup [as oncomplete] (dns.js:66:26)
[2021-02-11 19:56:19.016] [renderer1] [error] getaddrinfo ENOTFOUND default.exp-tas.com: Error: getaddrinfo ENOTFOUND default.exp-tas.com
	at GetAddrInfoReqWrap.onlookup [as oncomplete] (dns.js:66:26)
[2021-02-11 21:56:33.645] [renderer1] [error] getaddrinfo ENOTFOUND default.exp-tas.com: Error: getaddrinfo ENOTFOUND default.exp-tas.com
	at GetAddrInfoReqWrap.onlookup [as oncomplete] (dns.js:66:26)
[2021-02-11 23:24:49.704] [renderer1] [error] getaddrinfo ENOTFOUND default.exp-tas.com: Error: getaddrinfo ENOTFOUND default.exp-tas.com
	at GetAddrInfoReqWrap.onlookup [as oncomplete] (dns.js:66:26)
[2021-02-12 00:36:17.013] [renderer1] [error] getaddrinfo ENOTFOUND default.exp-tas.com: Error: getaddrinfo ENOTFOUND default.exp-tas.com
	at GetAddrInfoReqWrap.onlookup [as oncomplete] (dns.js:66:26)
[2021-02-12 09:52:17.504] [renderer1] [error] getaddrinfo ENOTFOUND default.exp-tas.com: Error: getaddrinfo ENOTFOUND default.exp-tas.com
	at GetAddrInfoReqWrap.onlookup [as oncomplete] (dns.js:66:26)
[2021-02-12 10:22:18.009] [renderer1] [error] getaddrinfo ENOTFOUND default.exp-tas.com: Error: getaddrinfo ENOTFOUND default.exp-tas.com
	at GetAddrInfoReqWrap.onlookup [as oncomplete] (dns.js:66:26)
[2021-02-12 10:52:18.030] [renderer1] [error] getaddrinfo ENOTFOUND default.exp-tas.com: Error: getaddrinfo ENOTFOUND default.exp-tas.com
	at GetAddrInfoReqWrap.onlookup [as oncomplete] (dns.js:66:26)
[2021-02-12 11:22:18.042] [renderer1] [error] getaddrinfo ENOTFOUND default.exp-tas.com: Error: getaddrinfo ENOTFOUND default.exp-tas.com
	at GetAddrInfoReqWrap.onlookup [as oncomplete] (dns.js:66:26)
[2021-02-12 11:52:18.056] [renderer1] [error] getaddrinfo ENOTFOUND default.exp-tas.com: Error: getaddrinfo ENOTFOUND default.exp-tas.com
	at GetAddrInfoReqWrap.onlookup [as oncomplete] (dns.js:66:26)
[2021-02-12 12:48:08.010] [renderer1] [error] getaddrinfo ENOTFOUND default.exp-tas.com: Error: getaddrinfo ENOTFOUND default.exp-tas.com
	at GetAddrInfoReqWrap.onlookup [as oncomplete] (dns.js:66:26)
[2021-02-12 13:48:43.010] [renderer1] [error] getaddrinfo ENOTFOUND default.exp-tas.com: Error: getaddrinfo ENOTFOUND default.exp-tas.com
	at GetAddrInfoReqWrap.onlookup [as oncomplete] (dns.js:66:26)
[2021-02-12 14:18:43.037] [renderer1] [error] getaddrinfo ENOTFOUND default.exp-tas.com: Error: getaddrinfo ENOTFOUND default.exp-tas.com
	at GetAddrInfoReqWrap.onlookup [as oncomplete] (dns.js:66:26)
[2021-02-12 14:48:43.055] [renderer1] [error] getaddrinfo ENOTFOUND default.exp-tas.com: Error: getaddrinfo ENOTFOUND default.exp-tas.com
	at GetAddrInfoReqWrap.onlookup [as oncomplete] (dns.js:66:26)
[2021-02-12 15:18:43.062] [renderer1] [error] getaddrinfo ENOTFOUND default.exp-tas.com: Error: getaddrinfo ENOTFOUND default.exp-tas.com
	at GetAddrInfoReqWrap.onlookup [as oncomplete] (dns.js:66:26)
[2021-02-12 15:48:43.078] [renderer1] [error] getaddrinfo ENOTFOUND default.exp-tas.com: Error: getaddrinfo ENOTFOUND default.exp-tas.com
	at GetAddrInfoReqWrap.onlookup [as oncomplete] (dns.js:66:26)
[2021-02-12 16:18:43.090] [renderer1] [error] getaddrinfo ENOTFOUND default.exp-tas.com: Error: getaddrinfo ENOTFOUND default.exp-tas.com
	at GetAddrInfoReqWrap.onlookup [as oncomplete] (dns.js:66:26)
[2021-02-12 16:48:43.103] [renderer1] [error] getaddrinfo ENOTFOUND default.exp-tas.com: Error: getaddrinfo ENOTFOUND default.exp-tas.com
	at GetAddrInfoReqWrap.onlookup [as oncomplete] (dns.js:66:26)
[2021-02-12 18:05:34.010] [renderer1] [error] getaddrinfo ENOTFOUND default.exp-tas.com: Error: getaddrinfo ENOTFOUND default.exp-tas.com
	at GetAddrInfoReqWrap.onlookup [as oncomplete] (dns.js:66:26)
[2021-02-12 18:35:35.117] [renderer1] [error] getaddrinfo ENOTFOUND default.exp-tas.com: Error: getaddrinfo ENOTFOUND default.exp-tas.com
	at GetAddrInfoReqWrap.onlookup [as oncomplete] (dns.js:66:26)
[2021-02-12 19:05:35.110] [renderer1] [error] getaddrinfo ENOTFOUND default.exp-tas.com: Error: getaddrinfo ENOTFOUND default.exp-tas.com
	at GetAddrInfoReqWrap.onlookup [as oncomplete] (dns.js:66:26)
[2021-02-12 19:53:29.012] [renderer1] [error] getaddrinfo ENOTFOUND default.exp-tas.com: Error: getaddrinfo ENOTFOUND default.exp-tas.com
	at GetAddrInfoReqWrap.onlookup [as oncomplete] (dns.js:66:26)
[2021-02-12 20:43:07.003] [renderer1] [error] getaddrinfo ENOTFOUND default.exp-tas.com: Error: getaddrinfo ENOTFOUND default.exp-tas.com
	at GetAddrInfoReqWrap.onlookup [as oncomplete] (dns.js:66:26)
[2021-02-12 22:01:51.011] [renderer1] [error] getaddrinfo ENOTFOUND default.exp-tas.com: Error: getaddrinfo ENOTFOUND default.exp-tas.com
	at GetAddrInfoReqWrap.onlookup [as oncomplete] (dns.js:66:26)
[2021-02-13 00:11:58.010] [renderer1] [error] getaddrinfo ENOTFOUND default.exp-tas.com: Error: getaddrinfo ENOTFOUND default.exp-tas.com
	at GetAddrInfoReqWrap.onlookup [as oncomplete] (dns.js:66:26)
[2021-02-13 02:12:08.011] [renderer1] [error] getaddrinfo ENOTFOUND default.exp-tas.com: Error: getaddrinfo ENOTFOUND default.exp-tas.com
	at GetAddrInfoReqWrap.onlookup [as oncomplete] (dns.js:66:26)
[2021-02-13 04:12:18.016] [renderer1] [error] getaddrinfo ENOTFOUND default.exp-tas.com: Error: getaddrinfo ENOTFOUND default.exp-tas.com
	at GetAddrInfoReqWrap.onlookup [as oncomplete] (dns.js:66:26)
[2021-02-13 06:12:29.019] [renderer1] [error] getaddrinfo ENOTFOUND default.exp-tas.com: Error: getaddrinfo ENOTFOUND default.exp-tas.com
	at GetAddrInfoReqWrap.onlookup [as oncomplete] (dns.js:66:26)
[2021-02-13 08:24:21.003] [renderer1] [error] getaddrinfo ENOTFOUND default.exp-tas.com: Error: getaddrinfo ENOTFOUND default.exp-tas.com
	at GetAddrInfoReqWrap.onlookup [as oncomplete] (dns.js:66:26)
[2021-02-13 10:12:07.016] [renderer1] [error] getaddrinfo ENOTFOUND default.exp-tas.com: Error: getaddrinfo ENOTFOUND default.exp-tas.com
	at GetAddrInfoReqWrap.onlookup [as oncomplete] (dns.js:66:26)
[2021-02-13 12:59:27.004] [renderer1] [error] getaddrinfo ENOTFOUND default.exp-tas.com: Error: getaddrinfo ENOTFOUND default.exp-tas.com
	at GetAddrInfoReqWrap.onlookup [as oncomplete] (dns.js:66:26)
[2021-02-13 13:29:27.485] [renderer1] [error] getaddrinfo ENOTFOUND default.exp-tas.com: Error: getaddrinfo ENOTFOUND default.exp-tas.com
	at GetAddrInfoReqWrap.onlookup [as oncomplete] (dns.js:66:26)
[2021-02-13 13:59:27.542] [renderer1] [error] getaddrinfo ENOTFOUND default.exp-tas.com: Error: getaddrinfo ENOTFOUND default.exp-tas.com
	at GetAddrInfoReqWrap.onlookup [as oncomplete] (dns.js:66:26)
[2021-02-13 14:29:27.597] [renderer1] [error] getaddrinfo ENOTFOUND default.exp-tas.com: Error: getaddrinfo ENOTFOUND default.exp-tas.com
	at GetAddrInfoReqWrap.onlookup [as oncomplete] (dns.js:66:26)
[2021-02-13 14:38:49.874] [renderer1] [error] [File Watcher (node.js)] Error: ENOENT: no such file or directory, stat '/Users/xuanzhou/Sita_practice/Erica(Xuan)_Zhou_Assignment_1_Appple/.vscode'
[2021-02-13 14:39:29.014] [renderer1] [error] Failed to execute git
[2021-02-13 14:53:24.010] [renderer1] [error] spawn /usr/bin/git ENOENT: Error: spawn /usr/bin/git ENOENT
	at Process.ChildProcess._handle.onexit (internal/child_process.js:267:19)
	at onErrorNT (internal/child_process.js:469:16)
	at processTicksAndRejections (internal/process/task_queues.js:84:21)
[2021-02-13 14:53:45.336] [renderer1] [error] TreeError [FileExplorer] Data tree node not found: [object Object]: Error: TreeError [FileExplorer] Data tree node not found: [object Object]
    at G.getDataNode (file:///Applications/Visual Studio Code.app/Contents/Resources/app/out/vs/workbench/workbench.desktop.main.js:163:19676)
    at G.reveal (file:///Applications/Visual Studio Code.app/Contents/Resources/app/out/vs/workbench/workbench.desktop.main.js:163:19266)
    at qr.setEditable (file:///Applications/Visual Studio Code.app/Contents/Resources/app/out/vs/workbench/workbench.desktop.main.js:2546:20098)
    at async Lo.setEditable (file:///Applications/Visual Studio Code.app/Contents/Resources/app/out/vs/workbench/workbench.desktop.main.js:1884:17556)
    at async ye (file:///Applications/Visual Studio Code.app/Contents/Resources/app/out/vs/workbench/workbench.desktop.main.js:2545:11892)
    at async handler (file:///Applications/Visual Studio Code.app/Contents/Resources/app/out/vs/workbench/workbench.desktop.main.js:2545:12217)
[2021-02-13 14:53:46.932] [renderer1] [error] TreeError [FileExplorer] Data tree node not found: [object Object]: Error: TreeError [FileExplorer] Data tree node not found: [object Object]
    at G.getDataNode (file:///Applications/Visual Studio Code.app/Contents/Resources/app/out/vs/workbench/workbench.desktop.main.js:163:19676)
    at G.reveal (file:///Applications/Visual Studio Code.app/Contents/Resources/app/out/vs/workbench/workbench.desktop.main.js:163:19266)
    at qr.setEditable (file:///Applications/Visual Studio Code.app/Contents/Resources/app/out/vs/workbench/workbench.desktop.main.js:2546:20098)
    at async Lo.setEditable (file:///Applications/Visual Studio Code.app/Contents/Resources/app/out/vs/workbench/workbench.desktop.main.js:1884:17556)
    at async ye (file:///Applications/Visual Studio Code.app/Contents/Resources/app/out/vs/workbench/workbench.desktop.main.js:2545:11892)
    at async handler (file:///Applications/Visual Studio Code.app/Contents/Resources/app/out/vs/workbench/workbench.desktop.main.js:2545:12116)
[2021-02-13 14:54:00.803] [renderer1] [error] [File Watcher (node.js)] Error: ENOENT: no such file or directory, stat '/Users/xuanzhou/Sita_practice/Assignment_1_Appple/.vscode'
[2021-02-13 15:51:18.990] [renderer1] [error] [File Watcher (node.js)] Error: ENOENT: no such file or directory, stat '/Users/xuanzhou/Sita_practice/emty/.vscode'
