[2021-02-10 11:53:49.201] [sharedprocess] [info] Deleted from disk vscjava.vscode-java-test /Users/xuanzhou/.vscode/extensions/vscjava.vscode-java-test-0.27.0
[2021-02-10 11:53:51.129] [sharedprocess] [info] Installing extension: github.vscode-pull-request-github
[2021-02-10 11:53:51.130] [sharedprocess] [info] Installing extension: vscjava.vscode-java-dependency
[2021-02-10 11:53:51.651] [sharedprocess] [info] Downloaded extension: vscjava.vscode-java-dependency undefined
[2021-02-10 11:53:51.711] [sharedprocess] [info] Extracted extension to /Users/xuanzhou/.vscode/extensions/.vscjava.vscode-java-dependency-0.18.0: vscjava.vscode-java-dependency
[2021-02-10 11:53:51.712] [sharedprocess] [info] Renamed to /Users/xuanzhou/.vscode/extensions/vscjava.vscode-java-dependency-0.18.0
[2021-02-10 11:53:51.713] [sharedprocess] [info] Installation completed. vscjava.vscode-java-dependency
[2021-02-10 11:53:51.737] [sharedprocess] [info] Extensions installed successfully: vscjava.vscode-java-dependency
[2021-02-10 11:53:51.891] [sharedprocess] [info] Downloaded extension: github.vscode-pull-request-github undefined
[2021-02-10 11:53:52.025] [sharedprocess] [info] Extracted extension to /Users/xuanzhou/.vscode/extensions/.github.vscode-pull-request-github-0.23.0: github.vscode-pull-request-github
[2021-02-10 11:53:52.025] [sharedprocess] [info] Renamed to /Users/xuanzhou/.vscode/extensions/github.vscode-pull-request-github-0.23.0
[2021-02-10 11:53:52.027] [sharedprocess] [info] Installation completed. github.vscode-pull-request-github
[2021-02-10 11:53:52.050] [sharedprocess] [info] Extensions installed successfully: github.vscode-pull-request-github
[2021-02-10 11:54:28.819] [sharedprocess] [info] Starting to clean up unused language packs.
[2021-02-13 14:38:51.728] [sharedprocess] [info] Installing extension: redhat.java
[2021-02-13 14:38:54.015] [sharedprocess] [info] Downloaded extension: redhat.java undefined
[2021-02-13 14:38:54.804] [sharedprocess] [info] Extracted extension to /Users/xuanzhou/.vscode/extensions/.redhat.java-0.75.0: redhat.java
[2021-02-13 14:38:54.804] [sharedprocess] [info] Renamed to /Users/xuanzhou/.vscode/extensions/redhat.java-0.75.0
[2021-02-13 14:38:54.805] [sharedprocess] [info] Installation completed. redhat.java
[2021-02-13 14:38:54.831] [sharedprocess] [info] Extensions installed successfully: redhat.java
