[2021-02-23 23:42:22.480] [sharedprocess] [info] Deleted from disk github.vscode-pull-request-github /Users/xuanzhou/.vscode/extensions/github.vscode-pull-request-github-0.23.0
[2021-02-23 23:43:01.657] [sharedprocess] [info] Starting to clean up unused language packs.
[2021-03-04 12:19:31.734] [sharedprocess] [info] Installing extension: vscjava.vscode-java-dependency
[2021-03-04 12:19:32.232] [sharedprocess] [info] Downloaded extension: vscjava.vscode-java-dependency undefined
[2021-03-04 12:19:32.298] [sharedprocess] [info] Extracted extension to /Users/xuanzhou/.vscode/extensions/.vscjava.vscode-java-dependency-0.18.1: vscjava.vscode-java-dependency
[2021-03-04 12:19:32.299] [sharedprocess] [info] Renamed to /Users/xuanzhou/.vscode/extensions/vscjava.vscode-java-dependency-0.18.1
[2021-03-04 12:19:32.300] [sharedprocess] [info] Installation completed. vscjava.vscode-java-dependency
[2021-03-04 12:19:32.326] [sharedprocess] [info] Extensions installed successfully: vscjava.vscode-java-dependency
[2021-03-05 14:16:09.956] [sharedprocess] [info] Installing extension: github.vscode-pull-request-github
[2021-03-05 14:16:09.957] [sharedprocess] [info] Installing extension: redhat.java
[2021-03-05 14:16:10.506] [sharedprocess] [info] Downloaded extension: github.vscode-pull-request-github undefined
[2021-03-05 14:16:10.706] [sharedprocess] [info] Extracted extension to /Users/xuanzhou/.vscode/extensions/.github.vscode-pull-request-github-0.24.0: github.vscode-pull-request-github
[2021-03-05 14:16:10.707] [sharedprocess] [info] Renamed to /Users/xuanzhou/.vscode/extensions/github.vscode-pull-request-github-0.24.0
[2021-03-05 14:16:10.713] [sharedprocess] [info] Installation completed. github.vscode-pull-request-github
[2021-03-05 14:16:10.746] [sharedprocess] [info] Extensions installed successfully: github.vscode-pull-request-github
[2021-03-05 14:16:13.450] [sharedprocess] [info] Downloaded extension: redhat.java undefined
[2021-03-05 14:16:14.376] [sharedprocess] [info] Extracted extension to /Users/xuanzhou/.vscode/extensions/.redhat.java-0.76.0: redhat.java
[2021-03-05 14:16:14.377] [sharedprocess] [info] Renamed to /Users/xuanzhou/.vscode/extensions/redhat.java-0.76.0
[2021-03-05 14:16:14.378] [sharedprocess] [info] Installation completed. redhat.java
[2021-03-05 14:16:14.406] [sharedprocess] [info] Extensions installed successfully: redhat.java
[2021-03-08 10:49:16.017] [sharedprocess] [info] Installing extension: vscjava.vscode-java-pack
[2021-03-08 10:49:16.018] [sharedprocess] [info] Installing extension: vscjava.vscode-java-test
[2021-03-08 10:49:16.717] [sharedprocess] [info] Downloaded extension: vscjava.vscode-java-pack undefined
[2021-03-08 10:49:16.820] [sharedprocess] [info] Extracted extension to /Users/xuanzhou/.vscode/extensions/.vscjava.vscode-java-pack-0.13.0: vscjava.vscode-java-pack
[2021-03-08 10:49:16.820] [sharedprocess] [info] Renamed to /Users/xuanzhou/.vscode/extensions/vscjava.vscode-java-pack-0.13.0
[2021-03-08 10:49:16.821] [sharedprocess] [info] Installation completed. vscjava.vscode-java-pack
[2021-03-08 10:49:16.855] [sharedprocess] [info] Downloaded extension: vscjava.vscode-java-test undefined
[2021-03-08 10:49:16.862] [sharedprocess] [info] Extensions installed successfully: vscjava.vscode-java-pack
[2021-03-08 10:49:16.970] [sharedprocess] [info] Extracted extension to /Users/xuanzhou/.vscode/extensions/.vscjava.vscode-java-test-0.28.1: vscjava.vscode-java-test
[2021-03-08 10:49:16.971] [sharedprocess] [info] Renamed to /Users/xuanzhou/.vscode/extensions/vscjava.vscode-java-test-0.28.1
[2021-03-08 10:49:16.972] [sharedprocess] [info] Installation completed. vscjava.vscode-java-test
[2021-03-08 10:49:17.052] [sharedprocess] [info] Extensions installed successfully: vscjava.vscode-java-test
[2021-03-09 11:47:05.242] [sharedprocess] [info] Installing extension: donjayamanne.githistory
[2021-03-09 11:47:05.786] [sharedprocess] [info] Downloaded extension: donjayamanne.githistory undefined
[2021-03-09 11:47:05.881] [sharedprocess] [info] Extracted extension to /Users/xuanzhou/.vscode/extensions/.donjayamanne.githistory-0.6.15: donjayamanne.githistory
[2021-03-09 11:47:05.882] [sharedprocess] [info] Renamed to /Users/xuanzhou/.vscode/extensions/donjayamanne.githistory-0.6.15
[2021-03-09 11:47:05.883] [sharedprocess] [info] Installation completed. donjayamanne.githistory
[2021-03-09 11:47:05.918] [sharedprocess] [info] Extensions installed successfully: donjayamanne.githistory
[2021-03-09 14:24:29.258] [sharedprocess] [info] Installing extension: dbaeumer.vscode-eslint
[2021-03-09 14:24:29.260] [sharedprocess] [info] Installing extension: vscjava.vscode-maven
[2021-03-09 14:24:29.765] [sharedprocess] [info] Downloaded extension: dbaeumer.vscode-eslint undefined
[2021-03-09 14:24:29.816] [sharedprocess] [info] Extracted extension to /Users/xuanzhou/.vscode/extensions/.dbaeumer.vscode-eslint-2.1.16: dbaeumer.vscode-eslint
[2021-03-09 14:24:29.817] [sharedprocess] [info] Renamed to /Users/xuanzhou/.vscode/extensions/dbaeumer.vscode-eslint-2.1.16
[2021-03-09 14:24:29.818] [sharedprocess] [info] Installation completed. dbaeumer.vscode-eslint
[2021-03-09 14:24:29.841] [sharedprocess] [info] Extensions installed successfully: dbaeumer.vscode-eslint
[2021-03-09 14:24:30.504] [sharedprocess] [info] Downloaded extension: vscjava.vscode-maven undefined
[2021-03-09 14:24:30.786] [sharedprocess] [info] Extracted extension to /Users/xuanzhou/.vscode/extensions/.vscjava.vscode-maven-0.28.0: vscjava.vscode-maven
[2021-03-09 14:24:30.786] [sharedprocess] [info] Renamed to /Users/xuanzhou/.vscode/extensions/vscjava.vscode-maven-0.28.0
[2021-03-09 14:24:30.787] [sharedprocess] [info] Installation completed. vscjava.vscode-maven
[2021-03-09 14:24:30.811] [sharedprocess] [info] Extensions installed successfully: vscjava.vscode-maven
