[2021-02-01 18:58:10.641] [exthost] [info] extension host started
[2021-02-01 18:58:10.704] [exthost] [info] ExtensionService#_doActivateExtension vscode.microsoft-authentication {"startup":false,"extensionId":{"value":"vscode.microsoft-authentication","_lower":"vscode.microsoft-authentication"},"activationEvent":"onAuthenticationRequest:microsoft"}
[2021-02-01 18:58:10.704] [exthost] [info] ExtensionService#loadCommonJSModule file:///private/var/folders/k3/gc8bfm7s0m1_3p3gds6qy6mh0000gn/T/AppTranslocation/E6FB2F02-C60F-43FE-9950-21210190E50D/d/Visual Studio Code.app/Contents/Resources/app/extensions/microsoft-authentication/dist/extension.js
[2021-02-01 18:58:10.732] [exthost] [info] ExtensionService#_doActivateExtension vscode.debug-auto-launch {"startup":true,"extensionId":{"value":"vscode.debug-auto-launch","_lower":"vscode.debug-auto-launch"},"activationEvent":"*"}
[2021-02-01 18:58:10.732] [exthost] [info] ExtensionService#loadCommonJSModule file:///private/var/folders/k3/gc8bfm7s0m1_3p3gds6qy6mh0000gn/T/AppTranslocation/E6FB2F02-C60F-43FE-9950-21210190E50D/d/Visual Studio Code.app/Contents/Resources/app/extensions/debug-auto-launch/dist/extension
[2021-02-01 18:58:10.737] [exthost] [info] ExtensionService#_doActivateExtension vscode.emmet {"startup":true,"extensionId":{"value":"vscode.emmet","_lower":"vscode.emmet"},"activationEvent":"*"}
[2021-02-01 18:58:10.737] [exthost] [info] ExtensionService#loadCommonJSModule file:///private/var/folders/k3/gc8bfm7s0m1_3p3gds6qy6mh0000gn/T/AppTranslocation/E6FB2F02-C60F-43FE-9950-21210190E50D/d/Visual Studio Code.app/Contents/Resources/app/extensions/emmet/dist/node/emmetNodeMain
[2021-02-01 18:58:10.775] [exthost] [info] ExtensionService#_doActivateExtension vscode.git {"startup":true,"extensionId":{"value":"vscode.github","_lower":"vscode.github"},"activationEvent":"*"}
[2021-02-01 18:58:10.775] [exthost] [info] ExtensionService#loadCommonJSModule file:///private/var/folders/k3/gc8bfm7s0m1_3p3gds6qy6mh0000gn/T/AppTranslocation/E6FB2F02-C60F-43FE-9950-21210190E50D/d/Visual Studio Code.app/Contents/Resources/app/extensions/git/dist/main
[2021-02-01 18:58:10.827] [exthost] [info] ExtensionService#_doActivateExtension vscode.merge-conflict {"startup":true,"extensionId":{"value":"vscode.merge-conflict","_lower":"vscode.merge-conflict"},"activationEvent":"*"}
[2021-02-01 18:58:10.827] [exthost] [info] ExtensionService#loadCommonJSModule file:///private/var/folders/k3/gc8bfm7s0m1_3p3gds6qy6mh0000gn/T/AppTranslocation/E6FB2F02-C60F-43FE-9950-21210190E50D/d/Visual Studio Code.app/Contents/Resources/app/extensions/merge-conflict/dist/mergeConflictMain
[2021-02-01 18:58:10.832] [exthost] [info] ExtensionService#_doActivateExtension vscode.search-result {"startup":true,"extensionId":{"value":"vscode.search-result","_lower":"vscode.search-result"},"activationEvent":"*"}
[2021-02-01 18:58:10.832] [exthost] [info] ExtensionService#loadCommonJSModule file:///private/var/folders/k3/gc8bfm7s0m1_3p3gds6qy6mh0000gn/T/AppTranslocation/E6FB2F02-C60F-43FE-9950-21210190E50D/d/Visual Studio Code.app/Contents/Resources/app/extensions/search-result/dist/extension.js
[2021-02-01 18:58:10.914] [exthost] [info] ExtensionService#_doActivateExtension ms-vscode.js-debug {"startup":false,"extensionId":{"value":"ms-vscode.js-debug","_lower":"ms-vscode.js-debug"},"activationEvent":"onCommand:extension.js-debug.clearAutoAttachVariables"}
[2021-02-01 18:58:10.914] [exthost] [info] ExtensionService#loadCommonJSModule file:///private/var/folders/k3/gc8bfm7s0m1_3p3gds6qy6mh0000gn/T/AppTranslocation/E6FB2F02-C60F-43FE-9950-21210190E50D/d/Visual Studio Code.app/Contents/Resources/app/extensions/ms-vscode.js-debug/src/extension.js
[2021-02-01 18:58:11.180] [exthost] [info] ExtensionService#_doActivateExtension vscode.github-authentication {"startup":false,"extensionId":{"value":"vscode.github-authentication","_lower":"vscode.github-authentication"},"activationEvent":"onAuthenticationRequest:github"}
[2021-02-01 18:58:11.180] [exthost] [info] ExtensionService#loadCommonJSModule file:///private/var/folders/k3/gc8bfm7s0m1_3p3gds6qy6mh0000gn/T/AppTranslocation/E6FB2F02-C60F-43FE-9950-21210190E50D/d/Visual Studio Code.app/Contents/Resources/app/extensions/github-authentication/dist/extension.js
[2021-02-01 18:58:11.339] [exthost] [info] ExtensionService#_doActivateExtension vscode.github {"startup":true,"extensionId":{"value":"vscode.github","_lower":"vscode.github"},"activationEvent":"*"}
[2021-02-01 18:58:11.339] [exthost] [info] ExtensionService#loadCommonJSModule file:///private/var/folders/k3/gc8bfm7s0m1_3p3gds6qy6mh0000gn/T/AppTranslocation/E6FB2F02-C60F-43FE-9950-21210190E50D/d/Visual Studio Code.app/Contents/Resources/app/extensions/github/dist/extension.js
[2021-02-01 18:58:11.348] [exthost] [info] eager extensions activated
