[2021-02-25 14:42:45.597] [exthost] [info] extension host started
[2021-02-25 14:42:45.640] [exthost] [info] ExtensionService#_doActivateExtension vscode.microsoft-authentication {"startup":false,"extensionId":{"value":"vscode.microsoft-authentication","_lower":"vscode.microsoft-authentication"},"activationEvent":"onAuthenticationRequest:microsoft"}
[2021-02-25 14:42:45.640] [exthost] [info] ExtensionService#loadCommonJSModule file:///Applications/Visual Studio Code.app/Contents/Resources/app/extensions/microsoft-authentication/dist/extension.js
[2021-02-25 14:42:45.662] [exthost] [info] ExtensionService#_doActivateExtension vscode.debug-auto-launch {"startup":true,"extensionId":{"value":"vscode.debug-auto-launch","_lower":"vscode.debug-auto-launch"},"activationEvent":"*"}
[2021-02-25 14:42:45.662] [exthost] [info] ExtensionService#loadCommonJSModule file:///Applications/Visual Studio Code.app/Contents/Resources/app/extensions/debug-auto-launch/dist/extension
[2021-02-25 14:42:45.677] [exthost] [info] ExtensionService#_doActivateExtension vscode.git {"startup":true,"extensionId":{"value":"vscode.github","_lower":"vscode.github"},"activationEvent":"*"}
[2021-02-25 14:42:45.677] [exthost] [info] ExtensionService#loadCommonJSModule file:///Applications/Visual Studio Code.app/Contents/Resources/app/extensions/git/dist/main
[2021-02-25 14:42:45.697] [exthost] [info] ExtensionService#_doActivateExtension donjayamanne.githistory {"startup":true,"extensionId":{"value":"donjayamanne.githistory","_lower":"donjayamanne.githistory"},"activationEvent":"*"}
[2021-02-25 14:42:45.697] [exthost] [info] ExtensionService#loadCommonJSModule file:///Users/xuanzhou/.vscode/extensions/donjayamanne.githistory-0.6.14/dist/src/extension
[2021-02-25 14:42:45.732] [exthost] [info] ExtensionService#_doActivateExtension ritwickdey.LiveServer {"startup":true,"extensionId":{"value":"ritwickdey.LiveServer","_lower":"ritwickdey.liveserver"},"activationEvent":"*"}
[2021-02-25 14:42:45.732] [exthost] [info] ExtensionService#loadCommonJSModule file:///Users/xuanzhou/.vscode/extensions/ritwickdey.liveserver-5.6.1/out/src/extension
[2021-02-25 14:42:46.682] [exthost] [info] ExtensionService#_doActivateExtension ms-vscode.js-debug {"startup":false,"extensionId":{"value":"ms-vscode.js-debug","_lower":"ms-vscode.js-debug"},"activationEvent":"onCommand:extension.js-debug.clearAutoAttachVariables"}
[2021-02-25 14:42:46.682] [exthost] [info] ExtensionService#loadCommonJSModule file:///Applications/Visual Studio Code.app/Contents/Resources/app/extensions/ms-vscode.js-debug/src/extension.js
[2021-02-25 14:42:46.805] [exthost] [info] ExtensionService#_doActivateExtension vscode.github-authentication {"startup":false,"extensionId":{"value":"vscode.github-authentication","_lower":"vscode.github-authentication"},"activationEvent":"onAuthenticationRequest:github"}
[2021-02-25 14:42:46.805] [exthost] [info] ExtensionService#loadCommonJSModule file:///Applications/Visual Studio Code.app/Contents/Resources/app/extensions/github-authentication/dist/extension.js
[2021-02-25 14:42:46.846] [exthost] [info] ExtensionService#_doActivateExtension vscode.github {"startup":true,"extensionId":{"value":"vscode.github","_lower":"vscode.github"},"activationEvent":"*"}
[2021-02-25 14:42:46.846] [exthost] [info] ExtensionService#loadCommonJSModule file:///Applications/Visual Studio Code.app/Contents/Resources/app/extensions/github/dist/extension.js
[2021-02-25 14:42:46.857] [exthost] [info] eager extensions activated
[2021-02-25 14:42:46.859] [exthost] [info] ExtensionService#_doActivateExtension vscode.emmet {"startup":false,"extensionId":{"value":"vscode.emmet","_lower":"vscode.emmet"},"activationEvent":"onStartupFinished"}
[2021-02-25 14:42:46.859] [exthost] [info] ExtensionService#loadCommonJSModule file:///Applications/Visual Studio Code.app/Contents/Resources/app/extensions/emmet/dist/node/emmetNodeMain
[2021-02-25 14:42:46.879] [exthost] [info] ExtensionService#_doActivateExtension vscode.merge-conflict {"startup":false,"extensionId":{"value":"vscode.merge-conflict","_lower":"vscode.merge-conflict"},"activationEvent":"onStartupFinished"}
[2021-02-25 14:42:46.879] [exthost] [info] ExtensionService#loadCommonJSModule file:///Applications/Visual Studio Code.app/Contents/Resources/app/extensions/merge-conflict/dist/mergeConflictMain
[2021-02-25 14:42:46.884] [exthost] [info] ExtensionService#_doActivateExtension vscode.testing-editor-contributions {"startup":false,"extensionId":{"value":"vscode.testing-editor-contributions","_lower":"vscode.testing-editor-contributions"},"activationEvent":"onStartupFinished"}
[2021-02-25 14:42:46.884] [exthost] [info] ExtensionService#loadCommonJSModule file:///Applications/Visual Studio Code.app/Contents/Resources/app/extensions/testing-editor-contributions/dist/extension.js
[2021-02-25 14:42:46.887] [exthost] [info] ExtensionService#_doActivateExtension dbaeumer.vscode-eslint {"startup":false,"extensionId":{"value":"dbaeumer.vscode-eslint","_lower":"dbaeumer.vscode-eslint"},"activationEvent":"onStartupFinished"}
[2021-02-25 14:42:46.887] [exthost] [info] ExtensionService#loadCommonJSModule file:///Users/xuanzhou/.vscode/extensions/dbaeumer.vscode-eslint-2.1.14/client/out/extension
[2021-02-25 14:42:46.900] [exthost] [info] ExtensionService#_doActivateExtension formulahendry.code-runner {"startup":false,"extensionId":{"value":"formulahendry.code-runner","_lower":"formulahendry.code-runner"},"activationEvent":"onStartupFinished"}
[2021-02-25 14:42:46.900] [exthost] [info] ExtensionService#loadCommonJSModule file:///Users/xuanzhou/.vscode/extensions/formulahendry.code-runner-0.11.2/out/src/extension
[2021-02-25 14:42:46.980] [exthost] [info] ExtensionService#_doActivateExtension GitHub.vscode-pull-request-github {"startup":false,"extensionId":{"value":"GitHub.vscode-pull-request-github","_lower":"github.vscode-pull-request-github"},"activationEvent":"onStartupFinished"}
[2021-02-25 14:42:46.980] [exthost] [info] ExtensionService#loadCommonJSModule file:///Users/xuanzhou/.vscode/extensions/github.vscode-pull-request-github-0.23.1/media/extension
[2021-02-25 14:42:58.960] [exthost] [info] extension host terminating: received terminate message from renderer
[2021-02-25 14:42:59.973] [exthost] [info] exiting with code 0
[2021-02-25 14:43:01.081] [exthost] [info] extension host started
[2021-02-25 14:43:01.113] [exthost] [info] ExtensionService#_doActivateExtension vscode.microsoft-authentication {"startup":false,"extensionId":{"value":"vscode.microsoft-authentication","_lower":"vscode.microsoft-authentication"},"activationEvent":"onAuthenticationRequest:microsoft"}
[2021-02-25 14:43:01.113] [exthost] [info] ExtensionService#loadCommonJSModule file:///Applications/Visual Studio Code.app/Contents/Resources/app/extensions/microsoft-authentication/dist/extension.js
[2021-02-25 14:43:01.121] [exthost] [info] ExtensionService#_doActivateExtension vscode.extension-editing {"startup":false,"extensionId":{"value":"vscode.extension-editing","_lower":"vscode.extension-editing"},"activationEvent":"onLanguage:typescript"}
[2021-02-25 14:43:01.121] [exthost] [info] ExtensionService#loadCommonJSModule file:///Applications/Visual Studio Code.app/Contents/Resources/app/extensions/extension-editing/dist/extensionEditingMain
[2021-02-25 14:43:01.129] [exthost] [info] ExtensionService#_doActivateExtension vscode.typescript-language-features {"startup":false,"extensionId":{"value":"vscode.typescript-language-features","_lower":"vscode.typescript-language-features"},"activationEvent":"onLanguage:typescript"}
[2021-02-25 14:43:01.129] [exthost] [info] ExtensionService#loadCommonJSModule file:///Applications/Visual Studio Code.app/Contents/Resources/app/extensions/typescript-language-features/dist/extension
[2021-02-25 14:43:01.141] [exthost] [info] ExtensionService#_doActivateExtension VisualStudioExptTeam.vscodeintellicode {"startup":false,"extensionId":{"value":"VisualStudioExptTeam.vscodeintellicode","_lower":"visualstudioexptteam.vscodeintellicode"},"activationEvent":"onLanguage:typescript"}
[2021-02-25 14:43:01.141] [exthost] [info] ExtensionService#loadCommonJSModule file:///Users/xuanzhou/.vscode/extensions/visualstudioexptteam.vscodeintellicode-1.2.11/dist/intellicode
[2021-02-25 14:43:01.178] [exthost] [info] ExtensionService#_doActivateExtension vscode.debug-auto-launch {"startup":true,"extensionId":{"value":"vscode.debug-auto-launch","_lower":"vscode.debug-auto-launch"},"activationEvent":"*"}
[2021-02-25 14:43:01.178] [exthost] [info] ExtensionService#loadCommonJSModule file:///Applications/Visual Studio Code.app/Contents/Resources/app/extensions/debug-auto-launch/dist/extension
[2021-02-25 14:43:01.180] [exthost] [info] ExtensionService#_doActivateExtension vscode.git {"startup":true,"extensionId":{"value":"vscode.github","_lower":"vscode.github"},"activationEvent":"*"}
[2021-02-25 14:43:01.180] [exthost] [info] ExtensionService#loadCommonJSModule file:///Applications/Visual Studio Code.app/Contents/Resources/app/extensions/git/dist/main
[2021-02-25 14:43:01.196] [exthost] [info] ExtensionService#_doActivateExtension donjayamanne.githistory {"startup":true,"extensionId":{"value":"donjayamanne.githistory","_lower":"donjayamanne.githistory"},"activationEvent":"*"}
[2021-02-25 14:43:01.196] [exthost] [info] ExtensionService#loadCommonJSModule file:///Users/xuanzhou/.vscode/extensions/donjayamanne.githistory-0.6.14/dist/src/extension
[2021-02-25 14:43:01.210] [exthost] [info] ExtensionService#_doActivateExtension ritwickdey.LiveServer {"startup":true,"extensionId":{"value":"ritwickdey.LiveServer","_lower":"ritwickdey.liveserver"},"activationEvent":"*"}
[2021-02-25 14:43:01.211] [exthost] [info] ExtensionService#loadCommonJSModule file:///Users/xuanzhou/.vscode/extensions/ritwickdey.liveserver-5.6.1/out/src/extension
[2021-02-25 14:43:01.602] [exthost] [info] ExtensionService#_doActivateExtension vscode.npm {"startup":true,"extensionId":{"value":"vscode.npm","_lower":"vscode.npm"},"activationEvent":"workspaceContains:package.json"}
[2021-02-25 14:43:01.602] [exthost] [info] ExtensionService#loadCommonJSModule file:///Applications/Visual Studio Code.app/Contents/Resources/app/extensions/npm/dist/npmMain
[2021-02-25 14:43:01.804] [exthost] [info] ExtensionService#_doActivateExtension ms-vscode.js-debug {"startup":false,"extensionId":{"value":"ms-vscode.js-debug","_lower":"ms-vscode.js-debug"},"activationEvent":"onCommand:extension.js-debug.clearAutoAttachVariables"}
[2021-02-25 14:43:01.804] [exthost] [info] ExtensionService#loadCommonJSModule file:///Applications/Visual Studio Code.app/Contents/Resources/app/extensions/ms-vscode.js-debug/src/extension.js
[2021-02-25 14:43:02.043] [exthost] [info] ExtensionService#_doActivateExtension vscode.github {"startup":true,"extensionId":{"value":"vscode.github","_lower":"vscode.github"},"activationEvent":"*"}
[2021-02-25 14:43:02.043] [exthost] [info] ExtensionService#loadCommonJSModule file:///Applications/Visual Studio Code.app/Contents/Resources/app/extensions/github/dist/extension.js
[2021-02-25 14:43:02.070] [exthost] [info] eager extensions activated
[2021-02-25 14:43:02.085] [exthost] [info] ExtensionService#_doActivateExtension vscode.github-authentication {"startup":false,"extensionId":{"value":"vscode.github-authentication","_lower":"vscode.github-authentication"},"activationEvent":"onAuthenticationRequest:github"}
[2021-02-25 14:43:02.085] [exthost] [info] ExtensionService#loadCommonJSModule file:///Applications/Visual Studio Code.app/Contents/Resources/app/extensions/github-authentication/dist/extension.js
[2021-02-25 14:43:02.099] [exthost] [info] ExtensionService#_doActivateExtension vscode.emmet {"startup":false,"extensionId":{"value":"vscode.emmet","_lower":"vscode.emmet"},"activationEvent":"onStartupFinished"}
[2021-02-25 14:43:02.099] [exthost] [info] ExtensionService#loadCommonJSModule file:///Applications/Visual Studio Code.app/Contents/Resources/app/extensions/emmet/dist/node/emmetNodeMain
[2021-02-25 14:43:02.133] [exthost] [info] ExtensionService#_doActivateExtension vscode.merge-conflict {"startup":false,"extensionId":{"value":"vscode.merge-conflict","_lower":"vscode.merge-conflict"},"activationEvent":"onStartupFinished"}
[2021-02-25 14:43:02.133] [exthost] [info] ExtensionService#loadCommonJSModule file:///Applications/Visual Studio Code.app/Contents/Resources/app/extensions/merge-conflict/dist/mergeConflictMain
[2021-02-25 14:43:02.136] [exthost] [info] ExtensionService#_doActivateExtension vscode.testing-editor-contributions {"startup":false,"extensionId":{"value":"vscode.testing-editor-contributions","_lower":"vscode.testing-editor-contributions"},"activationEvent":"onStartupFinished"}
[2021-02-25 14:43:02.136] [exthost] [info] ExtensionService#loadCommonJSModule file:///Applications/Visual Studio Code.app/Contents/Resources/app/extensions/testing-editor-contributions/dist/extension.js
[2021-02-25 14:43:02.139] [exthost] [info] ExtensionService#_doActivateExtension dbaeumer.vscode-eslint {"startup":false,"extensionId":{"value":"dbaeumer.vscode-eslint","_lower":"dbaeumer.vscode-eslint"},"activationEvent":"onStartupFinished"}
[2021-02-25 14:43:02.139] [exthost] [info] ExtensionService#loadCommonJSModule file:///Users/xuanzhou/.vscode/extensions/dbaeumer.vscode-eslint-2.1.14/client/out/extension
[2021-02-25 14:43:02.154] [exthost] [info] ExtensionService#_doActivateExtension formulahendry.code-runner {"startup":false,"extensionId":{"value":"formulahendry.code-runner","_lower":"formulahendry.code-runner"},"activationEvent":"onStartupFinished"}
[2021-02-25 14:43:02.154] [exthost] [info] ExtensionService#loadCommonJSModule file:///Users/xuanzhou/.vscode/extensions/formulahendry.code-runner-0.11.2/out/src/extension
[2021-02-25 14:43:02.217] [exthost] [info] ExtensionService#_doActivateExtension GitHub.vscode-pull-request-github {"startup":false,"extensionId":{"value":"GitHub.vscode-pull-request-github","_lower":"github.vscode-pull-request-github"},"activationEvent":"onStartupFinished"}
[2021-02-25 14:43:02.217] [exthost] [info] ExtensionService#loadCommonJSModule file:///Users/xuanzhou/.vscode/extensions/github.vscode-pull-request-github-0.23.1/media/extension
[2021-02-25 14:43:07.840] [exthost] [info] ExtensionService#_doActivateExtension vscode.configuration-editing {"startup":false,"extensionId":{"value":"vscode.configuration-editing","_lower":"vscode.configuration-editing"},"activationEvent":"onLanguage:jsonc"}
[2021-02-25 14:43:07.840] [exthost] [info] ExtensionService#loadCommonJSModule file:///Applications/Visual Studio Code.app/Contents/Resources/app/extensions/configuration-editing/dist/configurationEditingMain
[2021-02-25 14:43:07.847] [exthost] [info] ExtensionService#_doActivateExtension vscode.json-language-features {"startup":false,"extensionId":{"value":"vscode.json-language-features","_lower":"vscode.json-language-features"},"activationEvent":"onLanguage:jsonc"}
[2021-02-25 14:43:07.847] [exthost] [info] ExtensionService#loadCommonJSModule file:///Applications/Visual Studio Code.app/Contents/Resources/app/extensions/json-language-features/client/dist/node/jsonClientMain
[2021-02-25 14:43:21.757] [exthost] [warning] [Decorations] CAPPING events from decorations provider vscode.git 5000
[2021-02-25 14:43:43.532] [exthost] [info] ExtensionService#_doActivateExtension vscode.html-language-features {"startup":false,"extensionId":{"value":"vscode.html-language-features","_lower":"vscode.html-language-features"},"activationEvent":"onLanguage:html"}
[2021-02-25 14:43:43.532] [exthost] [info] ExtensionService#loadCommonJSModule file:///Applications/Visual Studio Code.app/Contents/Resources/app/extensions/html-language-features/client/dist/node/htmlClientMain
[2021-02-25 15:11:34.121] [exthost] [warning] [Decorations] CAPPING events from decorations provider vscode.git 5000
[2021-02-25 22:49:18.897] [exthost] [error] [vscode.typescript-language-features] provider FAILED
[2021-02-25 22:49:18.898] [exthost] [error] Error: <semantic> TypeScript Server Error (4.1.5)
Cannot read property 'kind' of undefined
TypeError: Cannot read property 'kind' of undefined
    at Object.isUnionTypeNode (/Applications/Visual Studio Code.app/Contents/Resources/app/extensions/node_modules/typescript/lib/tsserver.js:26277:21)
    at addUndefinedType (/Applications/Visual Studio Code.app/Contents/Resources/app/extensions/node_modules/typescript/lib/tsserver.js:140515:28)
    at /Applications/Visual Studio Code.app/Contents/Resources/app/extensions/node_modules/typescript/lib/tsserver.js:140509:92
    at Function.ChangeTracker.with (/Applications/Visual Studio Code.app/Contents/Resources/app/extensions/node_modules/typescript/lib/tsserver.js:132351:17)
    at getActionForAddMissingUndefinedType (/Applications/Visual Studio Code.app/Contents/Resources/app/extensions/node_modules/typescript/lib/tsserver.js:140509:60)
    at Object.getCodeActions (/Applications/Visual Studio Code.app/Contents/Resources/app/extensions/node_modules/typescript/lib/tsserver.js:140464:21)
    at /Applications/Visual Studio Code.app/Contents/Resources/app/extensions/node_modules/typescript/lib/tsserver.js:133530:77
    at Object.flatMap (/Applications/Visual Studio Code.app/Contents/Resources/app/extensions/node_modules/typescript/lib/tsserver.js:513:25)
    at Object.getFixes (/Applications/Visual Studio Code.app/Contents/Resources/app/extensions/node_modules/typescript/lib/tsserver.js:133530:23)
    at /Applications/Visual Studio Code.app/Contents/Resources/app/extensions/node_modules/typescript/lib/tsserver.js:147039:35
    at Object.flatMap (/Applications/Visual Studio Code.app/Contents/Resources/app/extensions/node_modules/typescript/lib/tsserver.js:513:25)
    at Proxy.getCodeFixesAtPosition (/Applications/Visual Studio Code.app/Contents/Resources/app/extensions/node_modules/typescript/lib/tsserver.js:147037:23)
    at IOSession.Session.getCodeFixes (/Applications/Visual Studio Code.app/Contents/Resources/app/extensions/node_modules/typescript/lib/tsserver.js:157986:64)
    at Session.handlers.ts.Map.ts.getEntries._a.<computed> (/Applications/Visual Studio Code.app/Contents/Resources/app/extensions/node_modules/typescript/lib/tsserver.js:156663:61)
    at /Applications/Visual Studio Code.app/Contents/Resources/app/extensions/node_modules/typescript/lib/tsserver.js:158286:88
    at IOSession.Session.executeWithRequestId (/Applications/Visual Studio Code.app/Contents/Resources/app/extensions/node_modules/typescript/lib/tsserver.js:158277:28)
    at IOSession.Session.executeCommand (/Applications/Visual Studio Code.app/Contents/Resources/app/extensions/node_modules/typescript/lib/tsserver.js:158286:33)
    at IOSession.Session.onMessage (/Applications/Visual Studio Code.app/Contents/Resources/app/extensions/node_modules/typescript/lib/tsserver.js:158310:35)
    at Interface.<anonymous> (/Applications/Visual Studio Code.app/Contents/Resources/app/extensions/node_modules/typescript/lib/tsserver.js:160520:27)
    at Interface.emit (events.js:315:20)
    at Interface._onLine (readline.js:329:10)
    at Interface._normalWrite (readline.js:474:12)
    at Socket.ondata (readline.js:186:10)
    at Socket.emit (events.js:315:20)
    at addChunk (_stream_readable.js:295:12)
    at readableAddChunk (_stream_readable.js:271:9)
    at Socket.Readable.push (_stream_readable.js:212:10)
    at Pipe.onStreamRead (internal/stream_base_commons.js:186:23)
	at Function.create (/Applications/Visual Studio Code.app/Contents/Resources/app/extensions/typescript-language-features/dist/extension.js:1:73508)
	at dispatchResponse (/Applications/Visual Studio Code.app/Contents/Resources/app/extensions/typescript-language-features/dist/extension.js:1:67383)
	at dispatchMessage (/Applications/Visual Studio Code.app/Contents/Resources/app/extensions/typescript-language-features/dist/extension.js:1:66242)
	at /Applications/Visual Studio Code.app/Contents/Resources/app/extensions/typescript-language-features/dist/extension.js:1:65752
	at v.fire (/Applications/Visual Studio Code.app/Contents/Resources/app/out/vs/workbench/services/extensions/node/extensionHostProcess.js:55:1836)
	at g.onLengthData (/Applications/Visual Studio Code.app/Contents/Resources/app/extensions/typescript-language-features/dist/extension.js:45:60030)
	at Socket.<anonymous> (/Applications/Visual Studio Code.app/Contents/Resources/app/extensions/typescript-language-features/dist/extension.js:45:59678)
	at Socket.emit (events.js:315:20)
	at addChunk (_stream_readable.js:295:12)
	at readableAddChunk (_stream_readable.js:271:9)
	at Socket.Readable.push (_stream_readable.js:212:10)
	at Pipe.onStreamRead (internal/stream_base_commons.js:186:23)
[2021-02-25 22:49:56.755] [exthost] [error] [vscode.typescript-language-features] provider FAILED
[2021-02-25 22:49:56.756] [exthost] [error] Error: <semantic> TypeScript Server Error (4.1.5)
Cannot read property 'kind' of undefined
TypeError: Cannot read property 'kind' of undefined
    at Object.isUnionTypeNode (/Applications/Visual Studio Code.app/Contents/Resources/app/extensions/node_modules/typescript/lib/tsserver.js:26277:21)
    at addUndefinedType (/Applications/Visual Studio Code.app/Contents/Resources/app/extensions/node_modules/typescript/lib/tsserver.js:140515:28)
    at /Applications/Visual Studio Code.app/Contents/Resources/app/extensions/node_modules/typescript/lib/tsserver.js:140509:92
    at Function.ChangeTracker.with (/Applications/Visual Studio Code.app/Contents/Resources/app/extensions/node_modules/typescript/lib/tsserver.js:132351:17)
    at getActionForAddMissingUndefinedType (/Applications/Visual Studio Code.app/Contents/Resources/app/extensions/node_modules/typescript/lib/tsserver.js:140509:60)
    at Object.getCodeActions (/Applications/Visual Studio Code.app/Contents/Resources/app/extensions/node_modules/typescript/lib/tsserver.js:140464:21)
    at /Applications/Visual Studio Code.app/Contents/Resources/app/extensions/node_modules/typescript/lib/tsserver.js:133530:77
    at Object.flatMap (/Applications/Visual Studio Code.app/Contents/Resources/app/extensions/node_modules/typescript/lib/tsserver.js:513:25)
    at Object.getFixes (/Applications/Visual Studio Code.app/Contents/Resources/app/extensions/node_modules/typescript/lib/tsserver.js:133530:23)
    at /Applications/Visual Studio Code.app/Contents/Resources/app/extensions/node_modules/typescript/lib/tsserver.js:147039:35
    at Object.flatMap (/Applications/Visual Studio Code.app/Contents/Resources/app/extensions/node_modules/typescript/lib/tsserver.js:513:25)
    at Proxy.getCodeFixesAtPosition (/Applications/Visual Studio Code.app/Contents/Resources/app/extensions/node_modules/typescript/lib/tsserver.js:147037:23)
    at IOSession.Session.getCodeFixes (/Applications/Visual Studio Code.app/Contents/Resources/app/extensions/node_modules/typescript/lib/tsserver.js:157986:64)
    at Session.handlers.ts.Map.ts.getEntries._a.<computed> (/Applications/Visual Studio Code.app/Contents/Resources/app/extensions/node_modules/typescript/lib/tsserver.js:156663:61)
    at /Applications/Visual Studio Code.app/Contents/Resources/app/extensions/node_modules/typescript/lib/tsserver.js:158286:88
    at IOSession.Session.executeWithRequestId (/Applications/Visual Studio Code.app/Contents/Resources/app/extensions/node_modules/typescript/lib/tsserver.js:158277:28)
    at IOSession.Session.executeCommand (/Applications/Visual Studio Code.app/Contents/Resources/app/extensions/node_modules/typescript/lib/tsserver.js:158286:33)
    at IOSession.Session.onMessage (/Applications/Visual Studio Code.app/Contents/Resources/app/extensions/node_modules/typescript/lib/tsserver.js:158310:35)
    at Interface.<anonymous> (/Applications/Visual Studio Code.app/Contents/Resources/app/extensions/node_modules/typescript/lib/tsserver.js:160520:27)
    at Interface.emit (events.js:315:20)
    at Interface._onLine (readline.js:329:10)
    at Interface._normalWrite (readline.js:474:12)
    at Socket.ondata (readline.js:186:10)
    at Socket.emit (events.js:315:20)
    at addChunk (_stream_readable.js:295:12)
    at readableAddChunk (_stream_readable.js:271:9)
    at Socket.Readable.push (_stream_readable.js:212:10)
    at Pipe.onStreamRead (internal/stream_base_commons.js:186:23)
	at Function.create (/Applications/Visual Studio Code.app/Contents/Resources/app/extensions/typescript-language-features/dist/extension.js:1:73508)
	at dispatchResponse (/Applications/Visual Studio Code.app/Contents/Resources/app/extensions/typescript-language-features/dist/extension.js:1:67383)
	at dispatchMessage (/Applications/Visual Studio Code.app/Contents/Resources/app/extensions/typescript-language-features/dist/extension.js:1:66242)
	at /Applications/Visual Studio Code.app/Contents/Resources/app/extensions/typescript-language-features/dist/extension.js:1:65752
	at v.fire (/Applications/Visual Studio Code.app/Contents/Resources/app/out/vs/workbench/services/extensions/node/extensionHostProcess.js:55:1836)
	at g.onLengthData (/Applications/Visual Studio Code.app/Contents/Resources/app/extensions/typescript-language-features/dist/extension.js:45:60030)
	at Socket.<anonymous> (/Applications/Visual Studio Code.app/Contents/Resources/app/extensions/typescript-language-features/dist/extension.js:45:59678)
	at Socket.emit (events.js:315:20)
	at addChunk (_stream_readable.js:295:12)
	at readableAddChunk (_stream_readable.js:271:9)
	at Socket.Readable.push (_stream_readable.js:212:10)
	at Pipe.onStreamRead (internal/stream_base_commons.js:186:23)
[2021-02-25 23:17:59.367] [exthost] [error] [vscode.typescript-language-features] provider FAILED
[2021-02-25 23:17:59.367] [exthost] [error] Error: <semantic> TypeScript Server Error (4.1.5)
Cannot read property 'kind' of undefined
TypeError: Cannot read property 'kind' of undefined
    at Object.isUnionTypeNode (/Applications/Visual Studio Code.app/Contents/Resources/app/extensions/node_modules/typescript/lib/tsserver.js:26277:21)
    at addUndefinedType (/Applications/Visual Studio Code.app/Contents/Resources/app/extensions/node_modules/typescript/lib/tsserver.js:140515:28)
    at /Applications/Visual Studio Code.app/Contents/Resources/app/extensions/node_modules/typescript/lib/tsserver.js:140509:92
    at Function.ChangeTracker.with (/Applications/Visual Studio Code.app/Contents/Resources/app/extensions/node_modules/typescript/lib/tsserver.js:132351:17)
    at getActionForAddMissingUndefinedType (/Applications/Visual Studio Code.app/Contents/Resources/app/extensions/node_modules/typescript/lib/tsserver.js:140509:60)
    at Object.getCodeActions (/Applications/Visual Studio Code.app/Contents/Resources/app/extensions/node_modules/typescript/lib/tsserver.js:140464:21)
    at /Applications/Visual Studio Code.app/Contents/Resources/app/extensions/node_modules/typescript/lib/tsserver.js:133530:77
    at Object.flatMap (/Applications/Visual Studio Code.app/Contents/Resources/app/extensions/node_modules/typescript/lib/tsserver.js:513:25)
    at Object.getFixes (/Applications/Visual Studio Code.app/Contents/Resources/app/extensions/node_modules/typescript/lib/tsserver.js:133530:23)
    at /Applications/Visual Studio Code.app/Contents/Resources/app/extensions/node_modules/typescript/lib/tsserver.js:147039:35
    at Object.flatMap (/Applications/Visual Studio Code.app/Contents/Resources/app/extensions/node_modules/typescript/lib/tsserver.js:513:25)
    at Proxy.getCodeFixesAtPosition (/Applications/Visual Studio Code.app/Contents/Resources/app/extensions/node_modules/typescript/lib/tsserver.js:147037:23)
    at IOSession.Session.getCodeFixes (/Applications/Visual Studio Code.app/Contents/Resources/app/extensions/node_modules/typescript/lib/tsserver.js:157986:64)
    at Session.handlers.ts.Map.ts.getEntries._a.<computed> (/Applications/Visual Studio Code.app/Contents/Resources/app/extensions/node_modules/typescript/lib/tsserver.js:156663:61)
    at /Applications/Visual Studio Code.app/Contents/Resources/app/extensions/node_modules/typescript/lib/tsserver.js:158286:88
    at IOSession.Session.executeWithRequestId (/Applications/Visual Studio Code.app/Contents/Resources/app/extensions/node_modules/typescript/lib/tsserver.js:158277:28)
    at IOSession.Session.executeCommand (/Applications/Visual Studio Code.app/Contents/Resources/app/extensions/node_modules/typescript/lib/tsserver.js:158286:33)
    at IOSession.Session.onMessage (/Applications/Visual Studio Code.app/Contents/Resources/app/extensions/node_modules/typescript/lib/tsserver.js:158310:35)
    at Interface.<anonymous> (/Applications/Visual Studio Code.app/Contents/Resources/app/extensions/node_modules/typescript/lib/tsserver.js:160520:27)
    at Interface.emit (events.js:315:20)
    at Interface._onLine (readline.js:329:10)
    at Interface._normalWrite (readline.js:474:12)
    at Socket.ondata (readline.js:186:10)
    at Socket.emit (events.js:315:20)
    at addChunk (_stream_readable.js:295:12)
    at readableAddChunk (_stream_readable.js:271:9)
    at Socket.Readable.push (_stream_readable.js:212:10)
    at Pipe.onStreamRead (internal/stream_base_commons.js:186:23)
	at Function.create (/Applications/Visual Studio Code.app/Contents/Resources/app/extensions/typescript-language-features/dist/extension.js:1:73508)
	at dispatchResponse (/Applications/Visual Studio Code.app/Contents/Resources/app/extensions/typescript-language-features/dist/extension.js:1:67383)
	at dispatchMessage (/Applications/Visual Studio Code.app/Contents/Resources/app/extensions/typescript-language-features/dist/extension.js:1:66242)
	at /Applications/Visual Studio Code.app/Contents/Resources/app/extensions/typescript-language-features/dist/extension.js:1:65752
	at v.fire (/Applications/Visual Studio Code.app/Contents/Resources/app/out/vs/workbench/services/extensions/node/extensionHostProcess.js:55:1836)
	at g.onLengthData (/Applications/Visual Studio Code.app/Contents/Resources/app/extensions/typescript-language-features/dist/extension.js:45:60030)
	at Socket.<anonymous> (/Applications/Visual Studio Code.app/Contents/Resources/app/extensions/typescript-language-features/dist/extension.js:45:59678)
	at Socket.emit (events.js:315:20)
	at addChunk (_stream_readable.js:295:12)
	at readableAddChunk (_stream_readable.js:271:9)
	at Socket.Readable.push (_stream_readable.js:212:10)
	at Pipe.onStreamRead (internal/stream_base_commons.js:186:23)
[2021-02-25 23:18:01.293] [exthost] [error] [vscode.typescript-language-features] provider FAILED
[2021-02-25 23:18:01.293] [exthost] [error] Error: <semantic> TypeScript Server Error (4.1.5)
Cannot read property 'kind' of undefined
TypeError: Cannot read property 'kind' of undefined
    at Object.isUnionTypeNode (/Applications/Visual Studio Code.app/Contents/Resources/app/extensions/node_modules/typescript/lib/tsserver.js:26277:21)
    at addUndefinedType (/Applications/Visual Studio Code.app/Contents/Resources/app/extensions/node_modules/typescript/lib/tsserver.js:140515:28)
    at /Applications/Visual Studio Code.app/Contents/Resources/app/extensions/node_modules/typescript/lib/tsserver.js:140509:92
    at Function.ChangeTracker.with (/Applications/Visual Studio Code.app/Contents/Resources/app/extensions/node_modules/typescript/lib/tsserver.js:132351:17)
    at getActionForAddMissingUndefinedType (/Applications/Visual Studio Code.app/Contents/Resources/app/extensions/node_modules/typescript/lib/tsserver.js:140509:60)
    at Object.getCodeActions (/Applications/Visual Studio Code.app/Contents/Resources/app/extensions/node_modules/typescript/lib/tsserver.js:140464:21)
    at /Applications/Visual Studio Code.app/Contents/Resources/app/extensions/node_modules/typescript/lib/tsserver.js:133530:77
    at Object.flatMap (/Applications/Visual Studio Code.app/Contents/Resources/app/extensions/node_modules/typescript/lib/tsserver.js:513:25)
    at Object.getFixes (/Applications/Visual Studio Code.app/Contents/Resources/app/extensions/node_modules/typescript/lib/tsserver.js:133530:23)
    at /Applications/Visual Studio Code.app/Contents/Resources/app/extensions/node_modules/typescript/lib/tsserver.js:147039:35
    at Object.flatMap (/Applications/Visual Studio Code.app/Contents/Resources/app/extensions/node_modules/typescript/lib/tsserver.js:513:25)
    at Proxy.getCodeFixesAtPosition (/Applications/Visual Studio Code.app/Contents/Resources/app/extensions/node_modules/typescript/lib/tsserver.js:147037:23)
    at IOSession.Session.getCodeFixes (/Applications/Visual Studio Code.app/Contents/Resources/app/extensions/node_modules/typescript/lib/tsserver.js:157986:64)
    at Session.handlers.ts.Map.ts.getEntries._a.<computed> (/Applications/Visual Studio Code.app/Contents/Resources/app/extensions/node_modules/typescript/lib/tsserver.js:156663:61)
    at /Applications/Visual Studio Code.app/Contents/Resources/app/extensions/node_modules/typescript/lib/tsserver.js:158286:88
    at IOSession.Session.executeWithRequestId (/Applications/Visual Studio Code.app/Contents/Resources/app/extensions/node_modules/typescript/lib/tsserver.js:158277:28)
    at IOSession.Session.executeCommand (/Applications/Visual Studio Code.app/Contents/Resources/app/extensions/node_modules/typescript/lib/tsserver.js:158286:33)
    at IOSession.Session.onMessage (/Applications/Visual Studio Code.app/Contents/Resources/app/extensions/node_modules/typescript/lib/tsserver.js:158310:35)
    at Interface.<anonymous> (/Applications/Visual Studio Code.app/Contents/Resources/app/extensions/node_modules/typescript/lib/tsserver.js:160520:27)
    at Interface.emit (events.js:315:20)
    at Interface._onLine (readline.js:329:10)
    at Interface._normalWrite (readline.js:474:12)
    at Socket.ondata (readline.js:186:10)
    at Socket.emit (events.js:315:20)
    at addChunk (_stream_readable.js:295:12)
    at readableAddChunk (_stream_readable.js:271:9)
    at Socket.Readable.push (_stream_readable.js:212:10)
    at Pipe.onStreamRead (internal/stream_base_commons.js:186:23)
	at Function.create (/Applications/Visual Studio Code.app/Contents/Resources/app/extensions/typescript-language-features/dist/extension.js:1:73508)
	at dispatchResponse (/Applications/Visual Studio Code.app/Contents/Resources/app/extensions/typescript-language-features/dist/extension.js:1:67383)
	at dispatchMessage (/Applications/Visual Studio Code.app/Contents/Resources/app/extensions/typescript-language-features/dist/extension.js:1:66242)
	at /Applications/Visual Studio Code.app/Contents/Resources/app/extensions/typescript-language-features/dist/extension.js:1:65752
	at v.fire (/Applications/Visual Studio Code.app/Contents/Resources/app/out/vs/workbench/services/extensions/node/extensionHostProcess.js:55:1836)
	at g.onLengthData (/Applications/Visual Studio Code.app/Contents/Resources/app/extensions/typescript-language-features/dist/extension.js:45:60030)
	at Socket.<anonymous> (/Applications/Visual Studio Code.app/Contents/Resources/app/extensions/typescript-language-features/dist/extension.js:45:59678)
	at Socket.emit (events.js:315:20)
	at addChunk (_stream_readable.js:295:12)
	at readableAddChunk (_stream_readable.js:271:9)
	at Socket.Readable.push (_stream_readable.js:212:10)
	at Pipe.onStreamRead (internal/stream_base_commons.js:186:23)
[2021-02-25 23:18:02.550] [exthost] [error] [vscode.typescript-language-features] provider FAILED
[2021-02-25 23:18:02.550] [exthost] [error] Error: <semantic> TypeScript Server Error (4.1.5)
Cannot read property 'kind' of undefined
TypeError: Cannot read property 'kind' of undefined
    at Object.isUnionTypeNode (/Applications/Visual Studio Code.app/Contents/Resources/app/extensions/node_modules/typescript/lib/tsserver.js:26277:21)
    at addUndefinedType (/Applications/Visual Studio Code.app/Contents/Resources/app/extensions/node_modules/typescript/lib/tsserver.js:140515:28)
    at /Applications/Visual Studio Code.app/Contents/Resources/app/extensions/node_modules/typescript/lib/tsserver.js:140509:92
    at Function.ChangeTracker.with (/Applications/Visual Studio Code.app/Contents/Resources/app/extensions/node_modules/typescript/lib/tsserver.js:132351:17)
    at getActionForAddMissingUndefinedType (/Applications/Visual Studio Code.app/Contents/Resources/app/extensions/node_modules/typescript/lib/tsserver.js:140509:60)
    at Object.getCodeActions (/Applications/Visual Studio Code.app/Contents/Resources/app/extensions/node_modules/typescript/lib/tsserver.js:140464:21)
    at /Applications/Visual Studio Code.app/Contents/Resources/app/extensions/node_modules/typescript/lib/tsserver.js:133530:77
    at Object.flatMap (/Applications/Visual Studio Code.app/Contents/Resources/app/extensions/node_modules/typescript/lib/tsserver.js:513:25)
    at Object.getFixes (/Applications/Visual Studio Code.app/Contents/Resources/app/extensions/node_modules/typescript/lib/tsserver.js:133530:23)
    at /Applications/Visual Studio Code.app/Contents/Resources/app/extensions/node_modules/typescript/lib/tsserver.js:147039:35
    at Object.flatMap (/Applications/Visual Studio Code.app/Contents/Resources/app/extensions/node_modules/typescript/lib/tsserver.js:513:25)
    at Proxy.getCodeFixesAtPosition (/Applications/Visual Studio Code.app/Contents/Resources/app/extensions/node_modules/typescript/lib/tsserver.js:147037:23)
    at IOSession.Session.getCodeFixes (/Applications/Visual Studio Code.app/Contents/Resources/app/extensions/node_modules/typescript/lib/tsserver.js:157986:64)
    at Session.handlers.ts.Map.ts.getEntries._a.<computed> (/Applications/Visual Studio Code.app/Contents/Resources/app/extensions/node_modules/typescript/lib/tsserver.js:156663:61)
    at /Applications/Visual Studio Code.app/Contents/Resources/app/extensions/node_modules/typescript/lib/tsserver.js:158286:88
    at IOSession.Session.executeWithRequestId (/Applications/Visual Studio Code.app/Contents/Resources/app/extensions/node_modules/typescript/lib/tsserver.js:158277:28)
    at IOSession.Session.executeCommand (/Applications/Visual Studio Code.app/Contents/Resources/app/extensions/node_modules/typescript/lib/tsserver.js:158286:33)
    at IOSession.Session.onMessage (/Applications/Visual Studio Code.app/Contents/Resources/app/extensions/node_modules/typescript/lib/tsserver.js:158310:35)
    at Interface.<anonymous> (/Applications/Visual Studio Code.app/Contents/Resources/app/extensions/node_modules/typescript/lib/tsserver.js:160520:27)
    at Interface.emit (events.js:315:20)
    at Interface._onLine (readline.js:329:10)
    at Interface._normalWrite (readline.js:474:12)
    at Socket.ondata (readline.js:186:10)
    at Socket.emit (events.js:315:20)
    at addChunk (_stream_readable.js:295:12)
    at readableAddChunk (_stream_readable.js:271:9)
    at Socket.Readable.push (_stream_readable.js:212:10)
    at Pipe.onStreamRead (internal/stream_base_commons.js:186:23)
	at Function.create (/Applications/Visual Studio Code.app/Contents/Resources/app/extensions/typescript-language-features/dist/extension.js:1:73508)
	at dispatchResponse (/Applications/Visual Studio Code.app/Contents/Resources/app/extensions/typescript-language-features/dist/extension.js:1:67383)
	at dispatchMessage (/Applications/Visual Studio Code.app/Contents/Resources/app/extensions/typescript-language-features/dist/extension.js:1:66242)
	at /Applications/Visual Studio Code.app/Contents/Resources/app/extensions/typescript-language-features/dist/extension.js:1:65752
	at v.fire (/Applications/Visual Studio Code.app/Contents/Resources/app/out/vs/workbench/services/extensions/node/extensionHostProcess.js:55:1836)
	at g.onLengthData (/Applications/Visual Studio Code.app/Contents/Resources/app/extensions/typescript-language-features/dist/extension.js:45:60030)
	at Socket.<anonymous> (/Applications/Visual Studio Code.app/Contents/Resources/app/extensions/typescript-language-features/dist/extension.js:45:59678)
	at Socket.emit (events.js:315:20)
	at addChunk (_stream_readable.js:295:12)
	at readableAddChunk (_stream_readable.js:271:9)
	at Socket.Readable.push (_stream_readable.js:212:10)
	at Pipe.onStreamRead (internal/stream_base_commons.js:186:23)
[2021-02-25 23:18:13.759] [exthost] [error] [vscode.typescript-language-features] provider FAILED
[2021-02-25 23:18:13.760] [exthost] [error] Error: <semantic> TypeScript Server Error (4.1.5)
Cannot read property 'kind' of undefined
TypeError: Cannot read property 'kind' of undefined
    at Object.isUnionTypeNode (/Applications/Visual Studio Code.app/Contents/Resources/app/extensions/node_modules/typescript/lib/tsserver.js:26277:21)
    at addUndefinedType (/Applications/Visual Studio Code.app/Contents/Resources/app/extensions/node_modules/typescript/lib/tsserver.js:140515:28)
    at /Applications/Visual Studio Code.app/Contents/Resources/app/extensions/node_modules/typescript/lib/tsserver.js:140509:92
    at Function.ChangeTracker.with (/Applications/Visual Studio Code.app/Contents/Resources/app/extensions/node_modules/typescript/lib/tsserver.js:132351:17)
    at getActionForAddMissingUndefinedType (/Applications/Visual Studio Code.app/Contents/Resources/app/extensions/node_modules/typescript/lib/tsserver.js:140509:60)
    at Object.getCodeActions (/Applications/Visual Studio Code.app/Contents/Resources/app/extensions/node_modules/typescript/lib/tsserver.js:140464:21)
    at /Applications/Visual Studio Code.app/Contents/Resources/app/extensions/node_modules/typescript/lib/tsserver.js:133530:77
    at Object.flatMap (/Applications/Visual Studio Code.app/Contents/Resources/app/extensions/node_modules/typescript/lib/tsserver.js:513:25)
    at Object.getFixes (/Applications/Visual Studio Code.app/Contents/Resources/app/extensions/node_modules/typescript/lib/tsserver.js:133530:23)
    at /Applications/Visual Studio Code.app/Contents/Resources/app/extensions/node_modules/typescript/lib/tsserver.js:147039:35
    at Object.flatMap (/Applications/Visual Studio Code.app/Contents/Resources/app/extensions/node_modules/typescript/lib/tsserver.js:513:25)
    at Proxy.getCodeFixesAtPosition (/Applications/Visual Studio Code.app/Contents/Resources/app/extensions/node_modules/typescript/lib/tsserver.js:147037:23)
    at IOSession.Session.getCodeFixes (/Applications/Visual Studio Code.app/Contents/Resources/app/extensions/node_modules/typescript/lib/tsserver.js:157986:64)
    at Session.handlers.ts.Map.ts.getEntries._a.<computed> (/Applications/Visual Studio Code.app/Contents/Resources/app/extensions/node_modules/typescript/lib/tsserver.js:156663:61)
    at /Applications/Visual Studio Code.app/Contents/Resources/app/extensions/node_modules/typescript/lib/tsserver.js:158286:88
    at IOSession.Session.executeWithRequestId (/Applications/Visual Studio Code.app/Contents/Resources/app/extensions/node_modules/typescript/lib/tsserver.js:158277:28)
    at IOSession.Session.executeCommand (/Applications/Visual Studio Code.app/Contents/Resources/app/extensions/node_modules/typescript/lib/tsserver.js:158286:33)
    at IOSession.Session.onMessage (/Applications/Visual Studio Code.app/Contents/Resources/app/extensions/node_modules/typescript/lib/tsserver.js:158310:35)
    at Interface.<anonymous> (/Applications/Visual Studio Code.app/Contents/Resources/app/extensions/node_modules/typescript/lib/tsserver.js:160520:27)
    at Interface.emit (events.js:315:20)
    at Interface._onLine (readline.js:329:10)
    at Interface._normalWrite (readline.js:474:12)
    at Socket.ondata (readline.js:186:10)
    at Socket.emit (events.js:315:20)
    at addChunk (_stream_readable.js:295:12)
    at readableAddChunk (_stream_readable.js:271:9)
    at Socket.Readable.push (_stream_readable.js:212:10)
    at Pipe.onStreamRead (internal/stream_base_commons.js:186:23)
	at Function.create (/Applications/Visual Studio Code.app/Contents/Resources/app/extensions/typescript-language-features/dist/extension.js:1:73508)
	at dispatchResponse (/Applications/Visual Studio Code.app/Contents/Resources/app/extensions/typescript-language-features/dist/extension.js:1:67383)
	at dispatchMessage (/Applications/Visual Studio Code.app/Contents/Resources/app/extensions/typescript-language-features/dist/extension.js:1:66242)
	at /Applications/Visual Studio Code.app/Contents/Resources/app/extensions/typescript-language-features/dist/extension.js:1:65752
	at v.fire (/Applications/Visual Studio Code.app/Contents/Resources/app/out/vs/workbench/services/extensions/node/extensionHostProcess.js:55:1836)
	at g.onLengthData (/Applications/Visual Studio Code.app/Contents/Resources/app/extensions/typescript-language-features/dist/extension.js:45:60030)
	at Socket.<anonymous> (/Applications/Visual Studio Code.app/Contents/Resources/app/extensions/typescript-language-features/dist/extension.js:45:59678)
	at Socket.emit (events.js:315:20)
	at addChunk (_stream_readable.js:295:12)
	at readableAddChunk (_stream_readable.js:271:9)
	at Socket.Readable.push (_stream_readable.js:212:10)
	at Pipe.onStreamRead (internal/stream_base_commons.js:186:23)
[2021-02-25 23:18:18.768] [exthost] [error] [vscode.typescript-language-features] provider FAILED
[2021-02-25 23:18:18.768] [exthost] [error] Error: <semantic> TypeScript Server Error (4.1.5)
Cannot read property 'kind' of undefined
TypeError: Cannot read property 'kind' of undefined
    at Object.isUnionTypeNode (/Applications/Visual Studio Code.app/Contents/Resources/app/extensions/node_modules/typescript/lib/tsserver.js:26277:21)
    at addUndefinedType (/Applications/Visual Studio Code.app/Contents/Resources/app/extensions/node_modules/typescript/lib/tsserver.js:140515:28)
    at /Applications/Visual Studio Code.app/Contents/Resources/app/extensions/node_modules/typescript/lib/tsserver.js:140509:92
    at Function.ChangeTracker.with (/Applications/Visual Studio Code.app/Contents/Resources/app/extensions/node_modules/typescript/lib/tsserver.js:132351:17)
    at getActionForAddMissingUndefinedType (/Applications/Visual Studio Code.app/Contents/Resources/app/extensions/node_modules/typescript/lib/tsserver.js:140509:60)
    at Object.getCodeActions (/Applications/Visual Studio Code.app/Contents/Resources/app/extensions/node_modules/typescript/lib/tsserver.js:140464:21)
    at /Applications/Visual Studio Code.app/Contents/Resources/app/extensions/node_modules/typescript/lib/tsserver.js:133530:77
    at Object.flatMap (/Applications/Visual Studio Code.app/Contents/Resources/app/extensions/node_modules/typescript/lib/tsserver.js:513:25)
    at Object.getFixes (/Applications/Visual Studio Code.app/Contents/Resources/app/extensions/node_modules/typescript/lib/tsserver.js:133530:23)
    at /Applications/Visual Studio Code.app/Contents/Resources/app/extensions/node_modules/typescript/lib/tsserver.js:147039:35
    at Object.flatMap (/Applications/Visual Studio Code.app/Contents/Resources/app/extensions/node_modules/typescript/lib/tsserver.js:513:25)
    at Proxy.getCodeFixesAtPosition (/Applications/Visual Studio Code.app/Contents/Resources/app/extensions/node_modules/typescript/lib/tsserver.js:147037:23)
    at IOSession.Session.getCodeFixes (/Applications/Visual Studio Code.app/Contents/Resources/app/extensions/node_modules/typescript/lib/tsserver.js:157986:64)
    at Session.handlers.ts.Map.ts.getEntries._a.<computed> (/Applications/Visual Studio Code.app/Contents/Resources/app/extensions/node_modules/typescript/lib/tsserver.js:156663:61)
    at /Applications/Visual Studio Code.app/Contents/Resources/app/extensions/node_modules/typescript/lib/tsserver.js:158286:88
    at IOSession.Session.executeWithRequestId (/Applications/Visual Studio Code.app/Contents/Resources/app/extensions/node_modules/typescript/lib/tsserver.js:158277:28)
    at IOSession.Session.executeCommand (/Applications/Visual Studio Code.app/Contents/Resources/app/extensions/node_modules/typescript/lib/tsserver.js:158286:33)
    at IOSession.Session.onMessage (/Applications/Visual Studio Code.app/Contents/Resources/app/extensions/node_modules/typescript/lib/tsserver.js:158310:35)
    at Interface.<anonymous> (/Applications/Visual Studio Code.app/Contents/Resources/app/extensions/node_modules/typescript/lib/tsserver.js:160520:27)
    at Interface.emit (events.js:315:20)
    at Interface._onLine (readline.js:329:10)
    at Interface._normalWrite (readline.js:474:12)
    at Socket.ondata (readline.js:186:10)
    at Socket.emit (events.js:315:20)
    at addChunk (_stream_readable.js:295:12)
    at readableAddChunk (_stream_readable.js:271:9)
    at Socket.Readable.push (_stream_readable.js:212:10)
    at Pipe.onStreamRead (internal/stream_base_commons.js:186:23)
	at Function.create (/Applications/Visual Studio Code.app/Contents/Resources/app/extensions/typescript-language-features/dist/extension.js:1:73508)
	at dispatchResponse (/Applications/Visual Studio Code.app/Contents/Resources/app/extensions/typescript-language-features/dist/extension.js:1:67383)
	at dispatchMessage (/Applications/Visual Studio Code.app/Contents/Resources/app/extensions/typescript-language-features/dist/extension.js:1:66242)
	at /Applications/Visual Studio Code.app/Contents/Resources/app/extensions/typescript-language-features/dist/extension.js:1:65752
	at v.fire (/Applications/Visual Studio Code.app/Contents/Resources/app/out/vs/workbench/services/extensions/node/extensionHostProcess.js:55:1836)
	at g.onLengthData (/Applications/Visual Studio Code.app/Contents/Resources/app/extensions/typescript-language-features/dist/extension.js:45:60030)
	at Socket.<anonymous> (/Applications/Visual Studio Code.app/Contents/Resources/app/extensions/typescript-language-features/dist/extension.js:45:59678)
	at Socket.emit (events.js:315:20)
	at addChunk (_stream_readable.js:295:12)
	at readableAddChunk (_stream_readable.js:271:9)
	at Socket.Readable.push (_stream_readable.js:212:10)
	at Pipe.onStreamRead (internal/stream_base_commons.js:186:23)
[2021-02-25 23:18:19.586] [exthost] [error] [vscode.typescript-language-features] provider FAILED
[2021-02-25 23:18:19.586] [exthost] [error] Error: <semantic> TypeScript Server Error (4.1.5)
Cannot read property 'kind' of undefined
TypeError: Cannot read property 'kind' of undefined
    at Object.isUnionTypeNode (/Applications/Visual Studio Code.app/Contents/Resources/app/extensions/node_modules/typescript/lib/tsserver.js:26277:21)
    at addUndefinedType (/Applications/Visual Studio Code.app/Contents/Resources/app/extensions/node_modules/typescript/lib/tsserver.js:140515:28)
    at /Applications/Visual Studio Code.app/Contents/Resources/app/extensions/node_modules/typescript/lib/tsserver.js:140509:92
    at Function.ChangeTracker.with (/Applications/Visual Studio Code.app/Contents/Resources/app/extensions/node_modules/typescript/lib/tsserver.js:132351:17)
    at getActionForAddMissingUndefinedType (/Applications/Visual Studio Code.app/Contents/Resources/app/extensions/node_modules/typescript/lib/tsserver.js:140509:60)
    at Object.getCodeActions (/Applications/Visual Studio Code.app/Contents/Resources/app/extensions/node_modules/typescript/lib/tsserver.js:140464:21)
    at /Applications/Visual Studio Code.app/Contents/Resources/app/extensions/node_modules/typescript/lib/tsserver.js:133530:77
    at Object.flatMap (/Applications/Visual Studio Code.app/Contents/Resources/app/extensions/node_modules/typescript/lib/tsserver.js:513:25)
    at Object.getFixes (/Applications/Visual Studio Code.app/Contents/Resources/app/extensions/node_modules/typescript/lib/tsserver.js:133530:23)
    at /Applications/Visual Studio Code.app/Contents/Resources/app/extensions/node_modules/typescript/lib/tsserver.js:147039:35
    at Object.flatMap (/Applications/Visual Studio Code.app/Contents/Resources/app/extensions/node_modules/typescript/lib/tsserver.js:513:25)
    at Proxy.getCodeFixesAtPosition (/Applications/Visual Studio Code.app/Contents/Resources/app/extensions/node_modules/typescript/lib/tsserver.js:147037:23)
    at IOSession.Session.getCodeFixes (/Applications/Visual Studio Code.app/Contents/Resources/app/extensions/node_modules/typescript/lib/tsserver.js:157986:64)
    at Session.handlers.ts.Map.ts.getEntries._a.<computed> (/Applications/Visual Studio Code.app/Contents/Resources/app/extensions/node_modules/typescript/lib/tsserver.js:156663:61)
    at /Applications/Visual Studio Code.app/Contents/Resources/app/extensions/node_modules/typescript/lib/tsserver.js:158286:88
    at IOSession.Session.executeWithRequestId (/Applications/Visual Studio Code.app/Contents/Resources/app/extensions/node_modules/typescript/lib/tsserver.js:158277:28)
    at IOSession.Session.executeCommand (/Applications/Visual Studio Code.app/Contents/Resources/app/extensions/node_modules/typescript/lib/tsserver.js:158286:33)
    at IOSession.Session.onMessage (/Applications/Visual Studio Code.app/Contents/Resources/app/extensions/node_modules/typescript/lib/tsserver.js:158310:35)
    at Interface.<anonymous> (/Applications/Visual Studio Code.app/Contents/Resources/app/extensions/node_modules/typescript/lib/tsserver.js:160520:27)
    at Interface.emit (events.js:315:20)
    at Interface._onLine (readline.js:329:10)
    at Interface._normalWrite (readline.js:474:12)
    at Socket.ondata (readline.js:186:10)
    at Socket.emit (events.js:315:20)
    at addChunk (_stream_readable.js:295:12)
    at readableAddChunk (_stream_readable.js:271:9)
    at Socket.Readable.push (_stream_readable.js:212:10)
    at Pipe.onStreamRead (internal/stream_base_commons.js:186:23)
	at Function.create (/Applications/Visual Studio Code.app/Contents/Resources/app/extensions/typescript-language-features/dist/extension.js:1:73508)
	at dispatchResponse (/Applications/Visual Studio Code.app/Contents/Resources/app/extensions/typescript-language-features/dist/extension.js:1:67383)
	at dispatchMessage (/Applications/Visual Studio Code.app/Contents/Resources/app/extensions/typescript-language-features/dist/extension.js:1:66242)
	at /Applications/Visual Studio Code.app/Contents/Resources/app/extensions/typescript-language-features/dist/extension.js:1:65752
	at v.fire (/Applications/Visual Studio Code.app/Contents/Resources/app/out/vs/workbench/services/extensions/node/extensionHostProcess.js:55:1836)
	at g.onLengthData (/Applications/Visual Studio Code.app/Contents/Resources/app/extensions/typescript-language-features/dist/extension.js:45:60030)
	at Socket.<anonymous> (/Applications/Visual Studio Code.app/Contents/Resources/app/extensions/typescript-language-features/dist/extension.js:45:59678)
	at Socket.emit (events.js:315:20)
	at addChunk (_stream_readable.js:295:12)
	at readableAddChunk (_stream_readable.js:271:9)
	at Socket.Readable.push (_stream_readable.js:212:10)
	at Pipe.onStreamRead (internal/stream_base_commons.js:186:23)
[2021-02-25 23:18:27.847] [exthost] [error] [vscode.typescript-language-features] provider FAILED
[2021-02-25 23:18:27.847] [exthost] [error] Error: <semantic> TypeScript Server Error (4.1.5)
Cannot read property 'kind' of undefined
TypeError: Cannot read property 'kind' of undefined
    at Object.isUnionTypeNode (/Applications/Visual Studio Code.app/Contents/Resources/app/extensions/node_modules/typescript/lib/tsserver.js:26277:21)
    at addUndefinedType (/Applications/Visual Studio Code.app/Contents/Resources/app/extensions/node_modules/typescript/lib/tsserver.js:140515:28)
    at /Applications/Visual Studio Code.app/Contents/Resources/app/extensions/node_modules/typescript/lib/tsserver.js:140509:92
    at Function.ChangeTracker.with (/Applications/Visual Studio Code.app/Contents/Resources/app/extensions/node_modules/typescript/lib/tsserver.js:132351:17)
    at getActionForAddMissingUndefinedType (/Applications/Visual Studio Code.app/Contents/Resources/app/extensions/node_modules/typescript/lib/tsserver.js:140509:60)
    at Object.getCodeActions (/Applications/Visual Studio Code.app/Contents/Resources/app/extensions/node_modules/typescript/lib/tsserver.js:140464:21)
    at /Applications/Visual Studio Code.app/Contents/Resources/app/extensions/node_modules/typescript/lib/tsserver.js:133530:77
    at Object.flatMap (/Applications/Visual Studio Code.app/Contents/Resources/app/extensions/node_modules/typescript/lib/tsserver.js:513:25)
    at Object.getFixes (/Applications/Visual Studio Code.app/Contents/Resources/app/extensions/node_modules/typescript/lib/tsserver.js:133530:23)
    at /Applications/Visual Studio Code.app/Contents/Resources/app/extensions/node_modules/typescript/lib/tsserver.js:147039:35
    at Object.flatMap (/Applications/Visual Studio Code.app/Contents/Resources/app/extensions/node_modules/typescript/lib/tsserver.js:513:25)
    at Proxy.getCodeFixesAtPosition (/Applications/Visual Studio Code.app/Contents/Resources/app/extensions/node_modules/typescript/lib/tsserver.js:147037:23)
    at IOSession.Session.getCodeFixes (/Applications/Visual Studio Code.app/Contents/Resources/app/extensions/node_modules/typescript/lib/tsserver.js:157986:64)
    at Session.handlers.ts.Map.ts.getEntries._a.<computed> (/Applications/Visual Studio Code.app/Contents/Resources/app/extensions/node_modules/typescript/lib/tsserver.js:156663:61)
    at /Applications/Visual Studio Code.app/Contents/Resources/app/extensions/node_modules/typescript/lib/tsserver.js:158286:88
    at IOSession.Session.executeWithRequestId (/Applications/Visual Studio Code.app/Contents/Resources/app/extensions/node_modules/typescript/lib/tsserver.js:158277:28)
    at IOSession.Session.executeCommand (/Applications/Visual Studio Code.app/Contents/Resources/app/extensions/node_modules/typescript/lib/tsserver.js:158286:33)
    at IOSession.Session.onMessage (/Applications/Visual Studio Code.app/Contents/Resources/app/extensions/node_modules/typescript/lib/tsserver.js:158310:35)
    at Interface.<anonymous> (/Applications/Visual Studio Code.app/Contents/Resources/app/extensions/node_modules/typescript/lib/tsserver.js:160520:27)
    at Interface.emit (events.js:315:20)
    at Interface._onLine (readline.js:329:10)
    at Interface._normalWrite (readline.js:474:12)
    at Socket.ondata (readline.js:186:10)
    at Socket.emit (events.js:315:20)
    at addChunk (_stream_readable.js:295:12)
    at readableAddChunk (_stream_readable.js:271:9)
    at Socket.Readable.push (_stream_readable.js:212:10)
    at Pipe.onStreamRead (internal/stream_base_commons.js:186:23)
	at Function.create (/Applications/Visual Studio Code.app/Contents/Resources/app/extensions/typescript-language-features/dist/extension.js:1:73508)
	at dispatchResponse (/Applications/Visual Studio Code.app/Contents/Resources/app/extensions/typescript-language-features/dist/extension.js:1:67383)
	at dispatchMessage (/Applications/Visual Studio Code.app/Contents/Resources/app/extensions/typescript-language-features/dist/extension.js:1:66242)
	at /Applications/Visual Studio Code.app/Contents/Resources/app/extensions/typescript-language-features/dist/extension.js:1:65752
	at v.fire (/Applications/Visual Studio Code.app/Contents/Resources/app/out/vs/workbench/services/extensions/node/extensionHostProcess.js:55:1836)
	at g.onLengthData (/Applications/Visual Studio Code.app/Contents/Resources/app/extensions/typescript-language-features/dist/extension.js:45:60030)
	at Socket.<anonymous> (/Applications/Visual Studio Code.app/Contents/Resources/app/extensions/typescript-language-features/dist/extension.js:45:59678)
	at Socket.emit (events.js:315:20)
	at addChunk (_stream_readable.js:295:12)
	at readableAddChunk (_stream_readable.js:271:9)
	at Socket.Readable.push (_stream_readable.js:212:10)
	at Pipe.onStreamRead (internal/stream_base_commons.js:186:23)
[2021-02-25 23:18:38.686] [exthost] [error] [vscode.typescript-language-features] provider FAILED
[2021-02-25 23:18:38.686] [exthost] [error] Error: <semantic> TypeScript Server Error (4.1.5)
Cannot read property 'kind' of undefined
TypeError: Cannot read property 'kind' of undefined
    at Object.isUnionTypeNode (/Applications/Visual Studio Code.app/Contents/Resources/app/extensions/node_modules/typescript/lib/tsserver.js:26277:21)
    at addUndefinedType (/Applications/Visual Studio Code.app/Contents/Resources/app/extensions/node_modules/typescript/lib/tsserver.js:140515:28)
    at /Applications/Visual Studio Code.app/Contents/Resources/app/extensions/node_modules/typescript/lib/tsserver.js:140509:92
    at Function.ChangeTracker.with (/Applications/Visual Studio Code.app/Contents/Resources/app/extensions/node_modules/typescript/lib/tsserver.js:132351:17)
    at getActionForAddMissingUndefinedType (/Applications/Visual Studio Code.app/Contents/Resources/app/extensions/node_modules/typescript/lib/tsserver.js:140509:60)
    at Object.getCodeActions (/Applications/Visual Studio Code.app/Contents/Resources/app/extensions/node_modules/typescript/lib/tsserver.js:140464:21)
    at /Applications/Visual Studio Code.app/Contents/Resources/app/extensions/node_modules/typescript/lib/tsserver.js:133530:77
    at Object.flatMap (/Applications/Visual Studio Code.app/Contents/Resources/app/extensions/node_modules/typescript/lib/tsserver.js:513:25)
    at Object.getFixes (/Applications/Visual Studio Code.app/Contents/Resources/app/extensions/node_modules/typescript/lib/tsserver.js:133530:23)
    at /Applications/Visual Studio Code.app/Contents/Resources/app/extensions/node_modules/typescript/lib/tsserver.js:147039:35
    at Object.flatMap (/Applications/Visual Studio Code.app/Contents/Resources/app/extensions/node_modules/typescript/lib/tsserver.js:513:25)
    at Proxy.getCodeFixesAtPosition (/Applications/Visual Studio Code.app/Contents/Resources/app/extensions/node_modules/typescript/lib/tsserver.js:147037:23)
    at IOSession.Session.getCodeFixes (/Applications/Visual Studio Code.app/Contents/Resources/app/extensions/node_modules/typescript/lib/tsserver.js:157986:64)
    at Session.handlers.ts.Map.ts.getEntries._a.<computed> (/Applications/Visual Studio Code.app/Contents/Resources/app/extensions/node_modules/typescript/lib/tsserver.js:156663:61)
    at /Applications/Visual Studio Code.app/Contents/Resources/app/extensions/node_modules/typescript/lib/tsserver.js:158286:88
    at IOSession.Session.executeWithRequestId (/Applications/Visual Studio Code.app/Contents/Resources/app/extensions/node_modules/typescript/lib/tsserver.js:158277:28)
    at IOSession.Session.executeCommand (/Applications/Visual Studio Code.app/Contents/Resources/app/extensions/node_modules/typescript/lib/tsserver.js:158286:33)
    at IOSession.Session.onMessage (/Applications/Visual Studio Code.app/Contents/Resources/app/extensions/node_modules/typescript/lib/tsserver.js:158310:35)
    at Interface.<anonymous> (/Applications/Visual Studio Code.app/Contents/Resources/app/extensions/node_modules/typescript/lib/tsserver.js:160520:27)
    at Interface.emit (events.js:315:20)
    at Interface._onLine (readline.js:329:10)
    at Interface._normalWrite (readline.js:474:12)
    at Socket.ondata (readline.js:186:10)
    at Socket.emit (events.js:315:20)
    at addChunk (_stream_readable.js:295:12)
    at readableAddChunk (_stream_readable.js:271:9)
    at Socket.Readable.push (_stream_readable.js:212:10)
    at Pipe.onStreamRead (internal/stream_base_commons.js:186:23)
	at Function.create (/Applications/Visual Studio Code.app/Contents/Resources/app/extensions/typescript-language-features/dist/extension.js:1:73508)
	at dispatchResponse (/Applications/Visual Studio Code.app/Contents/Resources/app/extensions/typescript-language-features/dist/extension.js:1:67383)
	at dispatchMessage (/Applications/Visual Studio Code.app/Contents/Resources/app/extensions/typescript-language-features/dist/extension.js:1:66242)
	at /Applications/Visual Studio Code.app/Contents/Resources/app/extensions/typescript-language-features/dist/extension.js:1:65752
	at v.fire (/Applications/Visual Studio Code.app/Contents/Resources/app/out/vs/workbench/services/extensions/node/extensionHostProcess.js:55:1836)
	at g.onLengthData (/Applications/Visual Studio Code.app/Contents/Resources/app/extensions/typescript-language-features/dist/extension.js:45:60030)
	at Socket.<anonymous> (/Applications/Visual Studio Code.app/Contents/Resources/app/extensions/typescript-language-features/dist/extension.js:45:59678)
	at Socket.emit (events.js:315:20)
	at addChunk (_stream_readable.js:295:12)
	at readableAddChunk (_stream_readable.js:271:9)
	at Socket.Readable.push (_stream_readable.js:212:10)
	at Pipe.onStreamRead (internal/stream_base_commons.js:186:23)
[2021-02-25 23:18:43.801] [exthost] [error] [vscode.typescript-language-features] provider FAILED
[2021-02-25 23:18:43.801] [exthost] [error] Error: <semantic> TypeScript Server Error (4.1.5)
Cannot read property 'kind' of undefined
TypeError: Cannot read property 'kind' of undefined
    at Object.isUnionTypeNode (/Applications/Visual Studio Code.app/Contents/Resources/app/extensions/node_modules/typescript/lib/tsserver.js:26277:21)
    at addUndefinedType (/Applications/Visual Studio Code.app/Contents/Resources/app/extensions/node_modules/typescript/lib/tsserver.js:140515:28)
    at /Applications/Visual Studio Code.app/Contents/Resources/app/extensions/node_modules/typescript/lib/tsserver.js:140509:92
    at Function.ChangeTracker.with (/Applications/Visual Studio Code.app/Contents/Resources/app/extensions/node_modules/typescript/lib/tsserver.js:132351:17)
    at getActionForAddMissingUndefinedType (/Applications/Visual Studio Code.app/Contents/Resources/app/extensions/node_modules/typescript/lib/tsserver.js:140509:60)
    at Object.getCodeActions (/Applications/Visual Studio Code.app/Contents/Resources/app/extensions/node_modules/typescript/lib/tsserver.js:140464:21)
    at /Applications/Visual Studio Code.app/Contents/Resources/app/extensions/node_modules/typescript/lib/tsserver.js:133530:77
    at Object.flatMap (/Applications/Visual Studio Code.app/Contents/Resources/app/extensions/node_modules/typescript/lib/tsserver.js:513:25)
    at Object.getFixes (/Applications/Visual Studio Code.app/Contents/Resources/app/extensions/node_modules/typescript/lib/tsserver.js:133530:23)
    at /Applications/Visual Studio Code.app/Contents/Resources/app/extensions/node_modules/typescript/lib/tsserver.js:147039:35
    at Object.flatMap (/Applications/Visual Studio Code.app/Contents/Resources/app/extensions/node_modules/typescript/lib/tsserver.js:513:25)
    at Proxy.getCodeFixesAtPosition (/Applications/Visual Studio Code.app/Contents/Resources/app/extensions/node_modules/typescript/lib/tsserver.js:147037:23)
    at IOSession.Session.getCodeFixes (/Applications/Visual Studio Code.app/Contents/Resources/app/extensions/node_modules/typescript/lib/tsserver.js:157986:64)
    at Session.handlers.ts.Map.ts.getEntries._a.<computed> (/Applications/Visual Studio Code.app/Contents/Resources/app/extensions/node_modules/typescript/lib/tsserver.js:156663:61)
    at /Applications/Visual Studio Code.app/Contents/Resources/app/extensions/node_modules/typescript/lib/tsserver.js:158286:88
    at IOSession.Session.executeWithRequestId (/Applications/Visual Studio Code.app/Contents/Resources/app/extensions/node_modules/typescript/lib/tsserver.js:158277:28)
    at IOSession.Session.executeCommand (/Applications/Visual Studio Code.app/Contents/Resources/app/extensions/node_modules/typescript/lib/tsserver.js:158286:33)
    at IOSession.Session.onMessage (/Applications/Visual Studio Code.app/Contents/Resources/app/extensions/node_modules/typescript/lib/tsserver.js:158310:35)
    at Interface.<anonymous> (/Applications/Visual Studio Code.app/Contents/Resources/app/extensions/node_modules/typescript/lib/tsserver.js:160520:27)
    at Interface.emit (events.js:315:20)
    at Interface._onLine (readline.js:329:10)
    at Interface._normalWrite (readline.js:474:12)
    at Socket.ondata (readline.js:186:10)
    at Socket.emit (events.js:315:20)
    at addChunk (_stream_readable.js:295:12)
    at readableAddChunk (_stream_readable.js:271:9)
    at Socket.Readable.push (_stream_readable.js:212:10)
    at Pipe.onStreamRead (internal/stream_base_commons.js:186:23)
	at Function.create (/Applications/Visual Studio Code.app/Contents/Resources/app/extensions/typescript-language-features/dist/extension.js:1:73508)
	at dispatchResponse (/Applications/Visual Studio Code.app/Contents/Resources/app/extensions/typescript-language-features/dist/extension.js:1:67383)
	at dispatchMessage (/Applications/Visual Studio Code.app/Contents/Resources/app/extensions/typescript-language-features/dist/extension.js:1:66242)
	at /Applications/Visual Studio Code.app/Contents/Resources/app/extensions/typescript-language-features/dist/extension.js:1:65752
	at v.fire (/Applications/Visual Studio Code.app/Contents/Resources/app/out/vs/workbench/services/extensions/node/extensionHostProcess.js:55:1836)
	at g.onLengthData (/Applications/Visual Studio Code.app/Contents/Resources/app/extensions/typescript-language-features/dist/extension.js:45:60030)
	at Socket.<anonymous> (/Applications/Visual Studio Code.app/Contents/Resources/app/extensions/typescript-language-features/dist/extension.js:45:59678)
	at Socket.emit (events.js:315:20)
	at addChunk (_stream_readable.js:295:12)
	at readableAddChunk (_stream_readable.js:271:9)
	at Socket.Readable.push (_stream_readable.js:212:10)
	at Pipe.onStreamRead (internal/stream_base_commons.js:186:23)
[2021-02-25 23:18:48.352] [exthost] [error] [vscode.typescript-language-features] provider FAILED
[2021-02-25 23:18:48.353] [exthost] [error] Error: <semantic> TypeScript Server Error (4.1.5)
Cannot read property 'kind' of undefined
TypeError: Cannot read property 'kind' of undefined
    at Object.isUnionTypeNode (/Applications/Visual Studio Code.app/Contents/Resources/app/extensions/node_modules/typescript/lib/tsserver.js:26277:21)
    at addUndefinedType (/Applications/Visual Studio Code.app/Contents/Resources/app/extensions/node_modules/typescript/lib/tsserver.js:140515:28)
    at /Applications/Visual Studio Code.app/Contents/Resources/app/extensions/node_modules/typescript/lib/tsserver.js:140509:92
    at Function.ChangeTracker.with (/Applications/Visual Studio Code.app/Contents/Resources/app/extensions/node_modules/typescript/lib/tsserver.js:132351:17)
    at getActionForAddMissingUndefinedType (/Applications/Visual Studio Code.app/Contents/Resources/app/extensions/node_modules/typescript/lib/tsserver.js:140509:60)
    at Object.getCodeActions (/Applications/Visual Studio Code.app/Contents/Resources/app/extensions/node_modules/typescript/lib/tsserver.js:140464:21)
    at /Applications/Visual Studio Code.app/Contents/Resources/app/extensions/node_modules/typescript/lib/tsserver.js:133530:77
    at Object.flatMap (/Applications/Visual Studio Code.app/Contents/Resources/app/extensions/node_modules/typescript/lib/tsserver.js:513:25)
    at Object.getFixes (/Applications/Visual Studio Code.app/Contents/Resources/app/extensions/node_modules/typescript/lib/tsserver.js:133530:23)
    at /Applications/Visual Studio Code.app/Contents/Resources/app/extensions/node_modules/typescript/lib/tsserver.js:147039:35
    at Object.flatMap (/Applications/Visual Studio Code.app/Contents/Resources/app/extensions/node_modules/typescript/lib/tsserver.js:513:25)
    at Proxy.getCodeFixesAtPosition (/Applications/Visual Studio Code.app/Contents/Resources/app/extensions/node_modules/typescript/lib/tsserver.js:147037:23)
    at IOSession.Session.getCodeFixes (/Applications/Visual Studio Code.app/Contents/Resources/app/extensions/node_modules/typescript/lib/tsserver.js:157986:64)
    at Session.handlers.ts.Map.ts.getEntries._a.<computed> (/Applications/Visual Studio Code.app/Contents/Resources/app/extensions/node_modules/typescript/lib/tsserver.js:156663:61)
    at /Applications/Visual Studio Code.app/Contents/Resources/app/extensions/node_modules/typescript/lib/tsserver.js:158286:88
    at IOSession.Session.executeWithRequestId (/Applications/Visual Studio Code.app/Contents/Resources/app/extensions/node_modules/typescript/lib/tsserver.js:158277:28)
    at IOSession.Session.executeCommand (/Applications/Visual Studio Code.app/Contents/Resources/app/extensions/node_modules/typescript/lib/tsserver.js:158286:33)
    at IOSession.Session.onMessage (/Applications/Visual Studio Code.app/Contents/Resources/app/extensions/node_modules/typescript/lib/tsserver.js:158310:35)
    at Interface.<anonymous> (/Applications/Visual Studio Code.app/Contents/Resources/app/extensions/node_modules/typescript/lib/tsserver.js:160520:27)
    at Interface.emit (events.js:315:20)
    at Interface._onLine (readline.js:329:10)
    at Interface._normalWrite (readline.js:474:12)
    at Socket.ondata (readline.js:186:10)
    at Socket.emit (events.js:315:20)
    at addChunk (_stream_readable.js:295:12)
    at readableAddChunk (_stream_readable.js:271:9)
    at Socket.Readable.push (_stream_readable.js:212:10)
    at Pipe.onStreamRead (internal/stream_base_commons.js:186:23)
	at Function.create (/Applications/Visual Studio Code.app/Contents/Resources/app/extensions/typescript-language-features/dist/extension.js:1:73508)
	at dispatchResponse (/Applications/Visual Studio Code.app/Contents/Resources/app/extensions/typescript-language-features/dist/extension.js:1:67383)
	at dispatchMessage (/Applications/Visual Studio Code.app/Contents/Resources/app/extensions/typescript-language-features/dist/extension.js:1:66242)
	at /Applications/Visual Studio Code.app/Contents/Resources/app/extensions/typescript-language-features/dist/extension.js:1:65752
	at v.fire (/Applications/Visual Studio Code.app/Contents/Resources/app/out/vs/workbench/services/extensions/node/extensionHostProcess.js:55:1836)
	at g.onLengthData (/Applications/Visual Studio Code.app/Contents/Resources/app/extensions/typescript-language-features/dist/extension.js:45:60030)
	at Socket.<anonymous> (/Applications/Visual Studio Code.app/Contents/Resources/app/extensions/typescript-language-features/dist/extension.js:45:59678)
	at Socket.emit (events.js:315:20)
	at addChunk (_stream_readable.js:295:12)
	at readableAddChunk (_stream_readable.js:271:9)
	at Socket.Readable.push (_stream_readable.js:212:10)
	at Pipe.onStreamRead (internal/stream_base_commons.js:186:23)
[2021-02-26 14:33:02.209] [exthost] [info] ExtensionService#_doActivateExtension vscode.css-language-features {"startup":false,"extensionId":{"value":"vscode.css-language-features","_lower":"vscode.css-language-features"},"activationEvent":"onLanguage:css"}
[2021-02-26 14:33:02.210] [exthost] [info] ExtensionService#loadCommonJSModule file:///Applications/Visual Studio Code.app/Contents/Resources/app/extensions/css-language-features/client/dist/node/cssClientMain
[2021-02-26 16:19:23.193] [exthost] [info] extension host terminating: received terminate message from renderer
[2021-02-26 16:19:24.346] [exthost] [info] exiting with code 0
[2021-02-26 16:19:24.870] [exthost] [info] extension host started
[2021-02-26 16:19:24.904] [exthost] [info] ExtensionService#_doActivateExtension vscode.microsoft-authentication {"startup":false,"extensionId":{"value":"vscode.microsoft-authentication","_lower":"vscode.microsoft-authentication"},"activationEvent":"onAuthenticationRequest:microsoft"}
[2021-02-26 16:19:24.904] [exthost] [info] ExtensionService#loadCommonJSModule file:///Applications/Visual Studio Code.app/Contents/Resources/app/extensions/microsoft-authentication/dist/extension.js
[2021-02-26 16:19:24.914] [exthost] [info] ExtensionService#_doActivateExtension vscode.debug-auto-launch {"startup":true,"extensionId":{"value":"vscode.debug-auto-launch","_lower":"vscode.debug-auto-launch"},"activationEvent":"*"}
[2021-02-26 16:19:24.914] [exthost] [info] ExtensionService#loadCommonJSModule file:///Applications/Visual Studio Code.app/Contents/Resources/app/extensions/debug-auto-launch/dist/extension
[2021-02-26 16:19:24.918] [exthost] [info] ExtensionService#_doActivateExtension vscode.git {"startup":true,"extensionId":{"value":"vscode.github","_lower":"vscode.github"},"activationEvent":"*"}
[2021-02-26 16:19:24.918] [exthost] [info] ExtensionService#loadCommonJSModule file:///Applications/Visual Studio Code.app/Contents/Resources/app/extensions/git/dist/main
[2021-02-26 16:19:24.955] [exthost] [info] ExtensionService#_doActivateExtension donjayamanne.githistory {"startup":true,"extensionId":{"value":"donjayamanne.githistory","_lower":"donjayamanne.githistory"},"activationEvent":"*"}
[2021-02-26 16:19:24.955] [exthost] [info] ExtensionService#loadCommonJSModule file:///Users/xuanzhou/.vscode/extensions/donjayamanne.githistory-0.6.14/dist/src/extension
[2021-02-26 16:19:24.981] [exthost] [info] ExtensionService#_doActivateExtension ritwickdey.LiveServer {"startup":true,"extensionId":{"value":"ritwickdey.LiveServer","_lower":"ritwickdey.liveserver"},"activationEvent":"*"}
[2021-02-26 16:19:24.981] [exthost] [info] ExtensionService#loadCommonJSModule file:///Users/xuanzhou/.vscode/extensions/ritwickdey.liveserver-5.6.1/out/src/extension
[2021-02-26 16:19:25.948] [exthost] [info] ExtensionService#_doActivateExtension ms-vscode.js-debug {"startup":false,"extensionId":{"value":"ms-vscode.js-debug","_lower":"ms-vscode.js-debug"},"activationEvent":"onCommand:extension.js-debug.clearAutoAttachVariables"}
[2021-02-26 16:19:25.948] [exthost] [info] ExtensionService#loadCommonJSModule file:///Applications/Visual Studio Code.app/Contents/Resources/app/extensions/ms-vscode.js-debug/src/extension.js
[2021-02-26 16:19:26.086] [exthost] [info] ExtensionService#_doActivateExtension vscode.github-authentication {"startup":false,"extensionId":{"value":"vscode.github-authentication","_lower":"vscode.github-authentication"},"activationEvent":"onAuthenticationRequest:github"}
[2021-02-26 16:19:26.086] [exthost] [info] ExtensionService#loadCommonJSModule file:///Applications/Visual Studio Code.app/Contents/Resources/app/extensions/github-authentication/dist/extension.js
[2021-02-26 16:19:26.129] [exthost] [info] ExtensionService#_doActivateExtension vscode.github {"startup":true,"extensionId":{"value":"vscode.github","_lower":"vscode.github"},"activationEvent":"*"}
[2021-02-26 16:19:26.129] [exthost] [info] ExtensionService#loadCommonJSModule file:///Applications/Visual Studio Code.app/Contents/Resources/app/extensions/github/dist/extension.js
[2021-02-26 16:19:26.154] [exthost] [info] eager extensions activated
[2021-02-26 16:19:26.158] [exthost] [info] ExtensionService#_doActivateExtension vscode.emmet {"startup":false,"extensionId":{"value":"vscode.emmet","_lower":"vscode.emmet"},"activationEvent":"onStartupFinished"}
[2021-02-26 16:19:26.158] [exthost] [info] ExtensionService#loadCommonJSModule file:///Applications/Visual Studio Code.app/Contents/Resources/app/extensions/emmet/dist/node/emmetNodeMain
[2021-02-26 16:19:26.175] [exthost] [info] ExtensionService#_doActivateExtension vscode.merge-conflict {"startup":false,"extensionId":{"value":"vscode.merge-conflict","_lower":"vscode.merge-conflict"},"activationEvent":"onStartupFinished"}
[2021-02-26 16:19:26.175] [exthost] [info] ExtensionService#loadCommonJSModule file:///Applications/Visual Studio Code.app/Contents/Resources/app/extensions/merge-conflict/dist/mergeConflictMain
[2021-02-26 16:19:26.179] [exthost] [info] ExtensionService#_doActivateExtension vscode.testing-editor-contributions {"startup":false,"extensionId":{"value":"vscode.testing-editor-contributions","_lower":"vscode.testing-editor-contributions"},"activationEvent":"onStartupFinished"}
[2021-02-26 16:19:26.179] [exthost] [info] ExtensionService#loadCommonJSModule file:///Applications/Visual Studio Code.app/Contents/Resources/app/extensions/testing-editor-contributions/dist/extension.js
[2021-02-26 16:19:26.184] [exthost] [info] ExtensionService#_doActivateExtension dbaeumer.vscode-eslint {"startup":false,"extensionId":{"value":"dbaeumer.vscode-eslint","_lower":"dbaeumer.vscode-eslint"},"activationEvent":"onStartupFinished"}
[2021-02-26 16:19:26.184] [exthost] [info] ExtensionService#loadCommonJSModule file:///Users/xuanzhou/.vscode/extensions/dbaeumer.vscode-eslint-2.1.14/client/out/extension
[2021-02-26 16:19:26.196] [exthost] [info] ExtensionService#_doActivateExtension formulahendry.code-runner {"startup":false,"extensionId":{"value":"formulahendry.code-runner","_lower":"formulahendry.code-runner"},"activationEvent":"onStartupFinished"}
[2021-02-26 16:19:26.196] [exthost] [info] ExtensionService#loadCommonJSModule file:///Users/xuanzhou/.vscode/extensions/formulahendry.code-runner-0.11.2/out/src/extension
[2021-02-26 16:19:26.277] [exthost] [info] ExtensionService#_doActivateExtension GitHub.vscode-pull-request-github {"startup":false,"extensionId":{"value":"GitHub.vscode-pull-request-github","_lower":"github.vscode-pull-request-github"},"activationEvent":"onStartupFinished"}
[2021-02-26 16:19:26.277] [exthost] [info] ExtensionService#loadCommonJSModule file:///Users/xuanzhou/.vscode/extensions/github.vscode-pull-request-github-0.23.1/media/extension
[2021-02-26 16:19:29.347] [exthost] [info] ExtensionService#_doActivateExtension vscode.html-language-features {"startup":false,"extensionId":{"value":"vscode.html-language-features","_lower":"vscode.html-language-features"},"activationEvent":"onLanguage:html"}
[2021-02-26 16:19:29.347] [exthost] [info] ExtensionService#loadCommonJSModule file:///Applications/Visual Studio Code.app/Contents/Resources/app/extensions/html-language-features/client/dist/node/htmlClientMain
[2021-02-26 16:19:32.816] [exthost] [info] ExtensionService#_doActivateExtension vscode.typescript-language-features {"startup":false,"extensionId":{"value":"vscode.typescript-language-features","_lower":"vscode.typescript-language-features"},"activationEvent":"onLanguage:javascript"}
[2021-02-26 16:19:32.816] [exthost] [info] ExtensionService#loadCommonJSModule file:///Applications/Visual Studio Code.app/Contents/Resources/app/extensions/typescript-language-features/dist/extension
[2021-02-26 16:19:32.836] [exthost] [info] ExtensionService#_doActivateExtension VisualStudioExptTeam.vscodeintellicode {"startup":false,"extensionId":{"value":"VisualStudioExptTeam.vscodeintellicode","_lower":"visualstudioexptteam.vscodeintellicode"},"activationEvent":"onLanguage:javascript"}
[2021-02-26 16:19:32.836] [exthost] [info] ExtensionService#loadCommonJSModule file:///Users/xuanzhou/.vscode/extensions/visualstudioexptteam.vscodeintellicode-1.2.11/dist/intellicode
[2021-02-26 16:19:34.456] [exthost] [info] ExtensionService#_doActivateExtension vscode.css-language-features {"startup":false,"extensionId":{"value":"vscode.css-language-features","_lower":"vscode.css-language-features"},"activationEvent":"onLanguage:css"}
[2021-02-26 16:19:34.456] [exthost] [info] ExtensionService#loadCommonJSModule file:///Applications/Visual Studio Code.app/Contents/Resources/app/extensions/css-language-features/client/dist/node/cssClientMain
[2021-02-27 13:26:26.568] [exthost] [info] ExtensionService#_doActivateExtension vscode.extension-editing {"startup":false,"extensionId":{"value":"vscode.extension-editing","_lower":"vscode.extension-editing"},"activationEvent":"onLanguage:typescript"}
[2021-02-27 13:26:26.569] [exthost] [info] ExtensionService#loadCommonJSModule file:///Applications/Visual Studio Code.app/Contents/Resources/app/extensions/extension-editing/dist/extensionEditingMain
[2021-02-28 19:55:03.607] [exthost] [info] extension host terminating: received terminate message from renderer
[2021-02-28 19:55:04.675] [exthost] [info] exiting with code 0
