Looking for git in: /usr/bin/git
Using git 2.24.3 (Apple Git-128) from /usr/bin/git
> git rev-parse --git-dir
Open repository: /Users/xuanzhou/Sita_practice/Assignment_1_Appple
> git status -z -u
> git symbolic-ref --short HEAD
> git for-each-ref --format=%(refname)%00%(upstream:short)%00%(upstream:track)%00%(objectname) refs/heads/master refs/remotes/master
> git for-each-ref --sort -committerdate --format %(refname) %(objectname) %(*objectname)
> git remote --verbose
> git config --get commit.template
> git config --local branch.master.github-pr-owner-number
> git check-ignore -v -z --stdin
> git show --textconv :index.html
> git ls-files --stage -- /Users/xuanzhou/Sita_practice/Assignment_1_Appple/index.html
> git cat-file -s a11ab17cbc383d93c763a990851368205b5b36a6
> git status -z -u
> git ls-files --stage -- /Users/xuanzhou/Sita_practice/Assignment_1_Appple/index.html
> git cat-file -s a11ab17cbc383d93c763a990851368205b5b36a6
> git symbolic-ref --short HEAD
> git show --textconv :index.html
> git for-each-ref --format=%(refname)%00%(upstream:short)%00%(upstream:track)%00%(objectname) refs/heads/master refs/remotes/master
> git for-each-ref --sort -committerdate --format %(refname) %(objectname) %(*objectname)
> git remote --verbose
> git config --get commit.template
> git config --local branch.master.github-pr-owner-number
> git status -z -u
> git ls-files --stage -- /Users/xuanzhou/Sita_practice/Assignment_1_Appple/index.html
> git cat-file -s a11ab17cbc383d93c763a990851368205b5b36a6
> git symbolic-ref --short HEAD
> git show --textconv :index.html
> git for-each-ref --format=%(refname)%00%(upstream:short)%00%(upstream:track)%00%(objectname) refs/heads/master refs/remotes/master
> git for-each-ref --sort -committerdate --format %(refname) %(objectname) %(*objectname)
> git remote --verbose
> git config --get commit.template
> git config --local branch.master.github-pr-owner-number
> git status -z -u
> git symbolic-ref --short HEAD
> git for-each-ref --format=%(refname)%00%(upstream:short)%00%(upstream:track)%00%(objectname) refs/heads/master refs/remotes/master
> git for-each-ref --sort -committerdate --format %(refname) %(objectname) %(*objectname)
> git remote --verbose
> git config --get commit.template
> git check-ignore -v -z --stdin
> git check-ignore -v -z --stdin
> git status -z -u
> git ls-files --stage -- /Users/xuanzhou/Sita_practice/Assignment_1_Appple/index.html
> git cat-file -s a11ab17cbc383d93c763a990851368205b5b36a6
> git symbolic-ref --short HEAD
> git show --textconv :index.html
> git for-each-ref --format=%(refname)%00%(upstream:short)%00%(upstream:track)%00%(objectname) refs/heads/master refs/remotes/master
> git for-each-ref --sort -committerdate --format %(refname) %(objectname) %(*objectname)
> git remote --verbose
> git config --get commit.template
> git config --local branch.master.github-pr-owner-number
> git status -z -u
> git symbolic-ref --short HEAD
> git for-each-ref --format=%(refname)%00%(upstream:short)%00%(upstream:track)%00%(objectname) refs/heads/master refs/remotes/master
> git for-each-ref --sort -committerdate --format %(refname) %(objectname) %(*objectname)
> git remote --verbose
> git config --get commit.template
